{"/home/travis/build/npmtest/node-npmtest-oracledb/test.js":{"path":"/home/travis/build/npmtest/node-npmtest-oracledb/test.js","s":{"1":2,"2":2,"3":2,"4":2,"5":2,"6":2,"7":2,"8":1,"9":2,"10":2,"11":1,"12":1,"13":1,"14":1,"15":2,"16":2,"17":2,"18":2,"19":1,"20":1,"21":2,"22":2,"23":2,"24":1,"25":1,"26":1,"27":1,"28":1,"29":1,"30":1,"31":1,"32":1,"33":1,"34":1,"35":1,"36":1,"37":1,"38":1,"39":2,"40":2,"41":1,"42":2,"43":2,"44":1,"45":2,"46":2,"47":1,"48":2,"49":2,"50":1,"51":1,"52":1,"53":1,"54":1},"b":{"1":[2,1,1,1],"2":[1,1,1,1],"3":[1,1],"4":[1,1],"5":[1,1],"6":[1,1],"7":[1,1],"8":[1,1],"9":[1,1],"10":[1,1,1],"11":[1,1],"12":[1,1],"13":[1,1],"14":[1,1],"15":[1,1],"16":[1,1],"17":[1,1]},"f":{"1":2,"2":2,"3":2,"4":2,"5":2,"6":1,"7":1,"8":1,"9":2,"10":2,"11":2,"12":2,"13":1},"fnMap":{"1":{"name":"(anonymous_1)","line":12,"loc":{"start":{"line":12,"column":1},"end":{"line":12,"column":13}}},"2":{"name":"(anonymous_2)","line":19,"loc":{"start":{"line":19,"column":5},"end":{"line":19,"column":17}}},"3":{"name":"(anonymous_3)","line":23,"loc":{"start":{"line":23,"column":24},"end":{"line":23,"column":36}}},"4":{"name":"(anonymous_4)","line":61,"loc":{"start":{"line":61,"column":5},"end":{"line":61,"column":17}}},"5":{"name":"(anonymous_5)","line":82,"loc":{"start":{"line":82,"column":5},"end":{"line":82,"column":17}}},"6":{"name":"(anonymous_6)","line":91,"loc":{"start":{"line":91,"column":77},"end":{"line":94,"column":10}}},"7":{"name":"(anonymous_7)","line":112,"loc":{"start":{"line":112,"column":83},"end":{"line":115,"column":10}},"skip":true},"8":{"name":"(anonymous_8)","line":123,"loc":{"start":{"line":123,"column":77},"end":{"line":126,"column":10}},"skip":true},"9":{"name":"(anonymous_9)","line":139,"loc":{"start":{"line":139,"column":12},"end":{"line":139,"column":40}},"skip":true},"10":{"name":"(anonymous_10)","line":147,"loc":{"start":{"line":147,"column":77},"end":{"line":150,"column":10}},"skip":true},"11":{"name":"(anonymous_11)","line":158,"loc":{"start":{"line":158,"column":83},"end":{"line":161,"column":10}},"skip":true},"12":{"name":"(anonymous_12)","line":169,"loc":{"start":{"line":169,"column":79},"end":{"line":172,"column":10}},"skip":true},"13":{"name":"(anonymous_13)","line":180,"loc":{"start":{"line":180,"column":75},"end":{"line":183,"column":10}},"skip":true}},"statementMap":{"1":{"start":{"line":12,"column":0},"end":{"line":195,"column":5}},"2":{"start":{"line":14,"column":4},"end":{"line":14,"column":14}},"3":{"start":{"line":19,"column":4},"end":{"line":56,"column":9}},"4":{"start":{"line":21,"column":8},"end":{"line":21,"column":19}},"5":{"start":{"line":23,"column":8},"end":{"line":35,"column":13}},"6":{"start":{"line":24,"column":12},"end":{"line":34,"column":13}},"7":{"start":{"line":25,"column":16},"end":{"line":28,"column":30}},"8":{"start":{"line":30,"column":16},"end":{"line":33,"column":27}},"9":{"start":{"line":37,"column":8},"end":{"line":39,"column":21}},"10":{"start":{"line":40,"column":8},"end":{"line":53,"column":9}},"11":{"start":{"line":43,"column":12},"end":{"line":46,"column":14}},"12":{"start":{"line":47,"column":12},"end":{"line":47,"column":18}},"13":{"start":{"line":50,"column":12},"end":{"line":51,"column":46}},"14":{"start":{"line":52,"column":12},"end":{"line":52,"column":18}},"15":{"start":{"line":55,"column":8},"end":{"line":55,"column":35}},"16":{"start":{"line":61,"column":4},"end":{"line":63,"column":9}},"17":{"start":{"line":62,"column":8},"end":{"line":62,"column":15}},"18":{"start":{"line":64,"column":4},"end":{"line":77,"column":5}},"19":{"start":{"line":70,"column":8},"end":{"line":70,"column":14}},"20":{"start":{"line":76,"column":8},"end":{"line":76,"column":14}},"21":{"start":{"line":82,"column":4},"end":{"line":84,"column":9}},"22":{"start":{"line":83,"column":8},"end":{"line":83,"column":15}},"23":{"start":{"line":85,"column":4},"end":{"line":194,"column":5}},"24":{"start":{"line":91,"column":8},"end":{"line":99,"column":10}},"25":{"start":{"line":98,"column":12},"end":{"line":98,"column":35}},"26":{"start":{"line":102,"column":8},"end":{"line":104,"column":63}},"27":{"start":{"line":105,"column":8},"end":{"line":105,"column":14}},"28":{"start":{"line":112,"column":8},"end":{"line":121,"column":10},"skip":true},"29":{"start":{"line":119,"column":12},"end":{"line":119,"column":55},"skip":true},"30":{"start":{"line":120,"column":12},"end":{"line":120,"column":48},"skip":true},"31":{"start":{"line":123,"column":8},"end":{"line":136,"column":10},"skip":true},"32":{"start":{"line":130,"column":12},"end":{"line":130,"column":76},"skip":true},"33":{"start":{"line":131,"column":12},"end":{"line":131,"column":73},"skip":true},"34":{"start":{"line":132,"column":12},"end":{"line":132,"column":74},"skip":true},"35":{"start":{"line":133,"column":12},"end":{"line":133,"column":79},"skip":true},"36":{"start":{"line":134,"column":12},"end":{"line":134,"column":25},"skip":true},"37":{"start":{"line":135,"column":12},"end":{"line":135,"column":45},"skip":true},"38":{"start":{"line":138,"column":8},"end":{"line":145,"column":14},"skip":true},"39":{"start":{"line":143,"column":16},"end":{"line":143,"column":29},"skip":true},"40":{"start":{"line":144,"column":16},"end":{"line":144,"column":55},"skip":true},"41":{"start":{"line":147,"column":8},"end":{"line":156,"column":10},"skip":true},"42":{"start":{"line":154,"column":12},"end":{"line":154,"column":25},"skip":true},"43":{"start":{"line":155,"column":12},"end":{"line":155,"column":45},"skip":true},"44":{"start":{"line":158,"column":8},"end":{"line":167,"column":10},"skip":true},"45":{"start":{"line":165,"column":12},"end":{"line":165,"column":25},"skip":true},"46":{"start":{"line":166,"column":12},"end":{"line":166,"column":48},"skip":true},"47":{"start":{"line":169,"column":8},"end":{"line":178,"column":10},"skip":true},"48":{"start":{"line":176,"column":12},"end":{"line":176,"column":25},"skip":true},"49":{"start":{"line":177,"column":12},"end":{"line":177,"column":46},"skip":true},"50":{"start":{"line":180,"column":8},"end":{"line":189,"column":10},"skip":true},"51":{"start":{"line":187,"column":12},"end":{"line":187,"column":94},"skip":true},"52":{"start":{"line":188,"column":12},"end":{"line":188,"column":48},"skip":true},"53":{"start":{"line":192,"column":8},"end":{"line":192,"column":35},"skip":true},"54":{"start":{"line":193,"column":8},"end":{"line":193,"column":14},"skip":true}},"branchMap":{"1":{"line":25,"type":"binary-expr","locations":[{"start":{"line":25,"column":23},"end":{"line":25,"column":62}},{"start":{"line":26,"column":20},"end":{"line":26,"column":70}},{"start":{"line":27,"column":20},"end":{"line":27,"column":71}},{"start":{"line":28,"column":20},"end":{"line":28,"column":29}}]},"2":{"line":30,"type":"binary-expr","locations":[{"start":{"line":30,"column":23},"end":{"line":30,"column":37}},{"start":{"line":31,"column":20},"end":{"line":31,"column":61}},{"start":{"line":32,"column":20},"end":{"line":32,"column":70}},{"start":{"line":33,"column":20},"end":{"line":33,"column":26}}]},"3":{"line":37,"type":"cond-expr","locations":[{"start":{"line":38,"column":14},"end":{"line":38,"column":20}},{"start":{"line":39,"column":14},"end":{"line":39,"column":20}}]},"4":{"line":40,"type":"switch","locations":[{"start":{"line":42,"column":8},"end":{"line":47,"column":18}},{"start":{"line":49,"column":8},"end":{"line":52,"column":18}}]},"5":{"line":44,"type":"binary-expr","locations":[{"start":{"line":44,"column":16},"end":{"line":44,"column":44}},{"start":{"line":44,"column":48},"end":{"line":44,"column":66}}]},"6":{"line":50,"type":"binary-expr","locations":[{"start":{"line":50,"column":21},"end":{"line":50,"column":49}},{"start":{"line":50,"column":53},"end":{"line":50,"column":72}}]},"7":{"line":64,"type":"switch","locations":[{"start":{"line":69,"column":4},"end":{"line":70,"column":14}},{"start":{"line":75,"column":4},"end":{"line":76,"column":14}}]},"8":{"line":85,"type":"switch","locations":[{"start":{"line":90,"column":4},"end":{"line":105,"column":14}},{"start":{"line":111,"column":4},"end":{"line":193,"column":14},"skip":true}]},"9":{"line":91,"type":"binary-expr","locations":[{"start":{"line":91,"column":42},"end":{"line":91,"column":73}},{"start":{"line":91,"column":77},"end":{"line":99,"column":9}}]},"10":{"line":102,"type":"binary-expr","locations":[{"start":{"line":102,"column":18},"end":{"line":102,"column":32}},{"start":{"line":103,"column":12},"end":{"line":103,"column":53}},{"start":{"line":104,"column":12},"end":{"line":104,"column":61}}]},"11":{"line":112,"type":"binary-expr","locations":[{"start":{"line":112,"column":45},"end":{"line":112,"column":79},"skip":true},{"start":{"line":112,"column":83},"end":{"line":121,"column":9},"skip":true}]},"12":{"line":123,"type":"binary-expr","locations":[{"start":{"line":123,"column":42},"end":{"line":123,"column":73},"skip":true},{"start":{"line":123,"column":77},"end":{"line":136,"column":9},"skip":true}]},"13":{"line":138,"type":"binary-expr","locations":[{"start":{"line":138,"column":48},"end":{"line":138,"column":85},"skip":true},{"start":{"line":139,"column":12},"end":{"line":145,"column":13},"skip":true}]},"14":{"line":147,"type":"binary-expr","locations":[{"start":{"line":147,"column":42},"end":{"line":147,"column":73},"skip":true},{"start":{"line":147,"column":77},"end":{"line":156,"column":9},"skip":true}]},"15":{"line":158,"type":"binary-expr","locations":[{"start":{"line":158,"column":45},"end":{"line":158,"column":79},"skip":true},{"start":{"line":158,"column":83},"end":{"line":167,"column":9},"skip":true}]},"16":{"line":169,"type":"binary-expr","locations":[{"start":{"line":169,"column":43},"end":{"line":169,"column":75},"skip":true},{"start":{"line":169,"column":79},"end":{"line":178,"column":9},"skip":true}]},"17":{"line":180,"type":"binary-expr","locations":[{"start":{"line":180,"column":41},"end":{"line":180,"column":71},"skip":true},{"start":{"line":180,"column":75},"end":{"line":189,"column":9},"skip":true}]}},"code":["/* istanbul instrument in package npmtest_oracledb */","/*jslint","    bitwise: true,","    browser: true,","    maxerr: 8,","    maxlen: 96,","    node: true,","    nomen: true,","    regexp: true,","    stupid: true","*/","(function () {","    'use strict';","    var local;","","","","    // run shared js-env code - pre-init","    (function () {","        // init local","        local = {};","        // init modeJs","        local.modeJs = (function () {","            try {","                return typeof navigator.userAgent === 'string' &&","                    typeof document.querySelector('body') === 'object' &&","                    typeof XMLHttpRequest.prototype.open === 'function' &&","                    'browser';","            } catch (errorCaughtBrowser) {","                return module.exports &&","                    typeof process.versions.node === 'string' &&","                    typeof require('http').createServer === 'function' &&","                    'node';","            }","        }());","        // init global","        local.global = local.modeJs === 'browser'","            ? window","            : global;","        switch (local.modeJs) {","        // re-init local from window.local","        case 'browser':","            local = local.global.utility2.objectSetDefault(","                local.global.utility2_rollup || local.global.local,","                local.global.utility2","            );","            break;","        // re-init local from example.js","        case 'node':","            local = (local.global.utility2_rollup || require('utility2'))","                .requireExampleJsFromReadme();","            break;","        }","        // export local","        local.global.local = local;","    }());","","","","    // run shared js-env code - function","    (function () {","        return;","    }());","    switch (local.modeJs) {","","","","    // run browser js-env code - function","    case 'browser':","        break;","","","","    // run node js-env code - function","    case 'node':","        break;","    }","","","","    // run shared js-env code - post-init","    (function () {","        return;","    }());","    switch (local.modeJs) {","","","","    // run browser js-env code - post-init","    case 'browser':","        local.testCase_browser_nullCase = local.testCase_browser_nullCase || function (","            options,","            onError","        ) {","        /*","         * this function will test browsers's null-case handling-behavior-behavior","         */","            onError(null, options);","        };","","        // run tests","        local.nop(local.modeTest &&","            document.querySelector('#testRunButton1') &&","            document.querySelector('#testRunButton1').click());","        break;","","","","    // run node js-env code - post-init","    /* istanbul ignore next */","    case 'node':","        local.testCase_buildApidoc_default = local.testCase_buildApidoc_default || function (","            options,","            onError","        ) {","        /*","         * this function will test buildApidoc's default handling-behavior-behavior","         */","            options = { modulePathList: module.paths };","            local.buildApidoc(options, onError);","        };","","        local.testCase_buildApp_default = local.testCase_buildApp_default || function (","            options,","            onError","        ) {","        /*","         * this function will test buildApp's default handling-behavior-behavior","         */","            local.testCase_buildReadme_default(options, local.onErrorThrow);","            local.testCase_buildLib_default(options, local.onErrorThrow);","            local.testCase_buildTest_default(options, local.onErrorThrow);","            local.testCase_buildCustomOrg_default(options, local.onErrorThrow);","            options = [];","            local.buildApp(options, onError);","        };","","        local.testCase_buildCustomOrg_default = local.testCase_buildCustomOrg_default ||","            function (options, onError) {","            /*","             * this function will test buildCustomOrg's default handling-behavior","             */","                options = {};","                local.buildCustomOrg(options, onError);","            };","","        local.testCase_buildLib_default = local.testCase_buildLib_default || function (","            options,","            onError","        ) {","        /*","         * this function will test buildLib's default handling-behavior","         */","            options = {};","            local.buildLib(options, onError);","        };","","        local.testCase_buildReadme_default = local.testCase_buildReadme_default || function (","            options,","            onError","        ) {","        /*","         * this function will test buildReadme's default handling-behavior-behavior","         */","            options = {};","            local.buildReadme(options, onError);","        };","","        local.testCase_buildTest_default = local.testCase_buildTest_default || function (","            options,","            onError","        ) {","        /*","         * this function will test buildTest's default handling-behavior","         */","            options = {};","            local.buildTest(options, onError);","        };","","        local.testCase_webpage_default = local.testCase_webpage_default || function (","            options,","            onError","        ) {","        /*","         * this function will test webpage's default handling-behavior","         */","            options = { modeCoverageMerge: true, url: local.serverLocalHost + '?modeTest=1' };","            local.browserTest(options, onError);","        };","","        // run test-server","        local.testRunServer(local);","        break;","    }","}());",""],"l":{"12":2,"14":2,"19":2,"21":2,"23":2,"24":2,"25":2,"30":1,"37":2,"40":2,"43":1,"47":1,"50":1,"52":1,"55":2,"61":2,"62":2,"64":2,"70":1,"76":1,"82":2,"83":2,"85":2,"91":1,"98":1,"102":1,"105":1,"112":1,"119":1,"120":1,"123":1,"130":1,"131":1,"132":1,"133":1,"134":1,"135":1,"138":1,"143":2,"144":2,"147":1,"154":2,"155":2,"158":1,"165":2,"166":2,"169":1,"176":2,"177":2,"180":1,"187":1,"188":1,"192":1,"193":1}},"/home/travis/build/npmtest/node-npmtest-oracledb/lib.npmtest_oracledb.js":{"path":"/home/travis/build/npmtest/node-npmtest-oracledb/lib.npmtest_oracledb.js","s":{"1":2,"2":2,"3":2,"4":2,"5":2,"6":2,"7":2,"8":1,"9":2,"10":2,"11":2,"12":2,"13":1,"14":1,"15":1,"16":1},"b":{"1":[2,1,1,1],"2":[1,1,1,1],"3":[1,1],"4":[2,2],"5":[1,1]},"f":{"1":2,"2":2,"3":2},"fnMap":{"1":{"name":"(anonymous_1)","line":12,"loc":{"start":{"line":12,"column":1},"end":{"line":12,"column":13}}},"2":{"name":"(anonymous_2)","line":19,"loc":{"start":{"line":19,"column":5},"end":{"line":19,"column":17}}},"3":{"name":"(anonymous_3)","line":23,"loc":{"start":{"line":23,"column":24},"end":{"line":23,"column":36}}}},"statementMap":{"1":{"start":{"line":12,"column":0},"end":{"line":53,"column":5}},"2":{"start":{"line":14,"column":4},"end":{"line":14,"column":14}},"3":{"start":{"line":19,"column":4},"end":{"line":52,"column":9}},"4":{"start":{"line":21,"column":8},"end":{"line":21,"column":19}},"5":{"start":{"line":23,"column":8},"end":{"line":35,"column":13}},"6":{"start":{"line":24,"column":12},"end":{"line":34,"column":13}},"7":{"start":{"line":25,"column":16},"end":{"line":28,"column":30}},"8":{"start":{"line":30,"column":16},"end":{"line":33,"column":27}},"9":{"start":{"line":37,"column":8},"end":{"line":39,"column":21}},"10":{"start":{"line":41,"column":8},"end":{"line":41,"column":54}},"11":{"start":{"line":43,"column":8},"end":{"line":43,"column":53}},"12":{"start":{"line":45,"column":8},"end":{"line":51,"column":9}},"13":{"start":{"line":46,"column":12},"end":{"line":46,"column":59}},"14":{"start":{"line":48,"column":12},"end":{"line":48,"column":35}},"15":{"start":{"line":49,"column":12},"end":{"line":49,"column":49}},"16":{"start":{"line":50,"column":12},"end":{"line":50,"column":43}}},"branchMap":{"1":{"line":25,"type":"binary-expr","locations":[{"start":{"line":25,"column":23},"end":{"line":25,"column":62}},{"start":{"line":26,"column":20},"end":{"line":26,"column":70}},{"start":{"line":27,"column":20},"end":{"line":27,"column":71}},{"start":{"line":28,"column":20},"end":{"line":28,"column":29}}]},"2":{"line":30,"type":"binary-expr","locations":[{"start":{"line":30,"column":23},"end":{"line":30,"column":37}},{"start":{"line":31,"column":20},"end":{"line":31,"column":61}},{"start":{"line":32,"column":20},"end":{"line":32,"column":70}},{"start":{"line":33,"column":20},"end":{"line":33,"column":26}}]},"3":{"line":37,"type":"cond-expr","locations":[{"start":{"line":38,"column":14},"end":{"line":38,"column":20}},{"start":{"line":39,"column":14},"end":{"line":39,"column":20}}]},"4":{"line":41,"type":"binary-expr","locations":[{"start":{"line":41,"column":16},"end":{"line":41,"column":44}},{"start":{"line":41,"column":48},"end":{"line":41,"column":53}}]},"5":{"line":45,"type":"if","locations":[{"start":{"line":45,"column":8},"end":{"line":45,"column":8}},{"start":{"line":45,"column":8},"end":{"line":45,"column":8}}]}},"code":["/* istanbul instrument in package npmtest_oracledb */","/*jslint","    bitwise: true,","    browser: true,","    maxerr: 8,","    maxlen: 96,","    node: true,","    nomen: true,","    regexp: true,","    stupid: true","*/","(function () {","    'use strict';","    var local;","","","","    // run shared js-env code - pre-init","    (function () {","        // init local","        local = {};","        // init modeJs","        local.modeJs = (function () {","            try {","                return typeof navigator.userAgent === 'string' &&","                    typeof document.querySelector('body') === 'object' &&","                    typeof XMLHttpRequest.prototype.open === 'function' &&","                    'browser';","            } catch (errorCaughtBrowser) {","                return module.exports &&","                    typeof process.versions.node === 'string' &&","                    typeof require('http').createServer === 'function' &&","                    'node';","            }","        }());","        // init global","        local.global = local.modeJs === 'browser'","            ? window","            : global;","        // init utility2_rollup","        local = local.global.utility2_rollup || local;","        // init lib","        local.local = local.npmtest_oracledb = local;","        // init exports","        if (local.modeJs === 'browser') {","            local.global.utility2_npmtest_oracledb = local;","        } else {","            module.exports = local;","            module.exports.__dirname = __dirname;","            module.exports.module = module;","        }","    }());","}());",""],"l":{"12":2,"14":2,"19":2,"21":2,"23":2,"24":2,"25":2,"30":1,"37":2,"41":2,"43":2,"45":2,"46":1,"48":1,"49":1,"50":1}},"/home/travis/build/npmtest/node-npmtest-oracledb/example.js":{"path":"/home/travis/build/npmtest/node-npmtest-oracledb/example.js","s":{"1":2,"2":2,"3":2,"4":2,"5":2,"6":2,"7":2,"8":1,"9":2,"10":2,"11":2,"12":2,"13":1,"14":2,"15":2,"16":2,"17":2,"18":2,"19":0,"20":2,"21":1,"22":1,"23":1,"24":1,"25":1,"26":0,"27":0,"28":1,"29":1,"30":2,"31":0,"32":0,"33":0,"34":1,"35":2,"36":2,"37":3,"38":3,"39":3,"40":3,"41":0,"42":3,"43":3,"44":3,"45":1,"46":3,"47":1,"48":1,"49":1,"50":1,"51":1,"52":1,"53":1,"54":1,"55":1,"56":1,"57":0,"58":1,"59":6,"60":6,"61":1,"62":2,"63":0,"64":2,"65":1,"66":1,"67":0,"68":0,"69":0,"70":0,"71":0,"72":0,"73":0,"74":0,"75":0,"76":0,"77":0,"78":0,"79":0,"80":0,"81":0,"82":0,"83":0},"b":{"1":[2,1,1,1],"2":[1,1,1,1],"3":[1,1],"4":[2,2],"5":[1,1],"6":[1,1],"7":[2,0],"8":[2,1,1,1,1,1],"9":[0,2,0],"10":[1,1],"11":[2,1,1],"12":[1,0],"13":[0,2],"14":[2,0,0,0,0,0,0],"15":[0,3],"16":[3,0],"17":[1,1],"18":[0,1],"19":[1,2,0,2],"20":[1,0],"21":[1,1],"22":[0,0],"23":[0,0],"24":[0,0],"25":[0,0],"26":[0,0],"27":[0,0],"28":[0,0]},"f":{"1":2,"2":2,"3":2,"4":2,"5":2,"6":2,"7":3,"8":3,"9":3,"10":1,"11":6,"12":0},"fnMap":{"1":{"name":"(anonymous_1)","line":26,"loc":{"start":{"line":26,"column":1},"end":{"line":26,"column":13}}},"2":{"name":"(anonymous_2)","line":33,"loc":{"start":{"line":33,"column":5},"end":{"line":33,"column":17}}},"3":{"name":"(anonymous_3)","line":37,"loc":{"start":{"line":37,"column":24},"end":{"line":37,"column":36}}},"4":{"name":"(anonymous_4)","line":69,"loc":{"start":{"line":69,"column":31},"end":{"line":69,"column":48}},"skip":true},"5":{"name":"(anonymous_5)","line":78,"loc":{"start":{"line":78,"column":26},"end":{"line":78,"column":45}},"skip":true},"6":{"name":"(anonymous_6)","line":123,"loc":{"start":{"line":123,"column":33},"end":{"line":123,"column":48}},"skip":true},"7":{"name":"(anonymous_7)","line":125,"loc":{"start":{"line":125,"column":27},"end":{"line":125,"column":39}},"skip":true},"8":{"name":"(anonymous_8)","line":133,"loc":{"start":{"line":133,"column":59},"end":{"line":133,"column":74}},"skip":true},"9":{"name":"(anonymous_9)","line":143,"loc":{"start":{"line":143,"column":45},"end":{"line":143,"column":62}},"skip":true},"10":{"name":"(anonymous_10)","line":144,"loc":{"start":{"line":144,"column":73},"end":{"line":144,"column":92}},"skip":true},"11":{"name":"(anonymous_11)","line":272,"loc":{"start":{"line":272,"column":51},"end":{"line":272,"column":77}},"skip":true},"12":{"name":"(anonymous_12)","line":315,"loc":{"start":{"line":315,"column":32},"end":{"line":315,"column":61}},"skip":true}},"statementMap":{"1":{"start":{"line":26,"column":0},"end":{"line":326,"column":5}},"2":{"start":{"line":28,"column":4},"end":{"line":28,"column":14}},"3":{"start":{"line":33,"column":4},"end":{"line":60,"column":9}},"4":{"start":{"line":35,"column":8},"end":{"line":35,"column":19}},"5":{"start":{"line":37,"column":8},"end":{"line":49,"column":13}},"6":{"start":{"line":38,"column":12},"end":{"line":48,"column":13}},"7":{"start":{"line":39,"column":16},"end":{"line":42,"column":30}},"8":{"start":{"line":44,"column":16},"end":{"line":47,"column":27}},"9":{"start":{"line":51,"column":8},"end":{"line":53,"column":21}},"10":{"start":{"line":55,"column":8},"end":{"line":57,"column":45}},"11":{"start":{"line":59,"column":8},"end":{"line":59,"column":35}},"12":{"start":{"line":61,"column":4},"end":{"line":325,"column":5}},"13":{"start":{"line":69,"column":8},"end":{"line":121,"column":10},"skip":true},"14":{"start":{"line":70,"column":12},"end":{"line":88,"column":13},"skip":true},"15":{"start":{"line":76,"column":16},"end":{"line":87,"column":19},"skip":true},"16":{"start":{"line":79,"column":20},"end":{"line":86,"column":21},"skip":true},"17":{"start":{"line":82,"column":24},"end":{"line":82,"column":43},"skip":true},"18":{"start":{"line":83,"column":24},"end":{"line":83,"column":30},"skip":true},"19":{"start":{"line":85,"column":24},"end":{"line":85,"column":49},"skip":true},"20":{"start":{"line":89,"column":12},"end":{"line":107,"column":13},"skip":true},"21":{"start":{"line":92,"column":16},"end":{"line":102,"column":17},"skip":true},"22":{"start":{"line":93,"column":20},"end":{"line":93,"column":86},"skip":true},"23":{"start":{"line":94,"column":20},"end":{"line":95,"column":45},"skip":true},"24":{"start":{"line":96,"column":20},"end":{"line":96,"column":42},"skip":true},"25":{"start":{"line":97,"column":20},"end":{"line":97,"column":48},"skip":true},"26":{"start":{"line":100,"column":20},"end":{"line":100,"column":85},"skip":true},"27":{"start":{"line":101,"column":20},"end":{"line":101,"column":96},"skip":true},"28":{"start":{"line":103,"column":16},"end":{"line":103,"column":22},"skip":true},"29":{"start":{"line":106,"column":16},"end":{"line":106,"column":22},"skip":true},"30":{"start":{"line":108,"column":12},"end":{"line":120,"column":13},"skip":true},"31":{"start":{"line":114,"column":16},"end":{"line":119,"column":17},"skip":true},"32":{"start":{"line":116,"column":20},"end":{"line":116,"column":78},"skip":true},"33":{"start":{"line":118,"column":20},"end":{"line":118,"column":47},"skip":true},"34":{"start":{"line":123,"column":8},"end":{"line":141,"column":11},"skip":true},"35":{"start":{"line":124,"column":12},"end":{"line":124,"column":54},"skip":true},"36":{"start":{"line":125,"column":12},"end":{"line":140,"column":14},"skip":true},"37":{"start":{"line":126,"column":16},"end":{"line":126,"column":28},"skip":true},"38":{"start":{"line":127,"column":16},"end":{"line":127,"column":69},"skip":true},"39":{"start":{"line":128,"column":16},"end":{"line":128,"column":75},"skip":true},"40":{"start":{"line":129,"column":16},"end":{"line":131,"column":17},"skip":true},"41":{"start":{"line":130,"column":20},"end":{"line":130,"column":27},"skip":true},"42":{"start":{"line":133,"column":16},"end":{"line":137,"column":36},"skip":true},"43":{"start":{"line":134,"column":20},"end":{"line":136,"column":55},"skip":true},"44":{"start":{"line":139,"column":16},"end":{"line":139,"column":57},"skip":true},"45":{"start":{"line":143,"column":8},"end":{"line":147,"column":11},"skip":true},"46":{"start":{"line":144,"column":12},"end":{"line":146,"column":15},"skip":true},"47":{"start":{"line":145,"column":16},"end":{"line":145,"column":70},"skip":true},"48":{"start":{"line":149,"column":8},"end":{"line":149,"column":31},"skip":true},"49":{"start":{"line":150,"column":8},"end":{"line":150,"column":14},"skip":true},"50":{"start":{"line":158,"column":8},"end":{"line":158,"column":31},"skip":true},"51":{"start":{"line":160,"column":8},"end":{"line":160,"column":33},"skip":true},"52":{"start":{"line":161,"column":8},"end":{"line":161,"column":37},"skip":true},"53":{"start":{"line":162,"column":8},"end":{"line":162,"column":35},"skip":true},"54":{"start":{"line":164,"column":8},"end":{"line":164,"column":50},"skip":true},"55":{"start":{"line":166,"column":8},"end":{"line":256,"column":2},"skip":true},"56":{"start":{"line":258,"column":8},"end":{"line":286,"column":9},"skip":true},"57":{"start":{"line":259,"column":12},"end":{"line":269,"column":14},"skip":true},"58":{"start":{"line":271,"column":12},"end":{"line":285,"column":19},"skip":true},"59":{"start":{"line":274,"column":20},"end":{"line":274,"column":35},"skip":true},"60":{"start":{"line":275,"column":20},"end":{"line":284,"column":21},"skip":true},"61":{"start":{"line":277,"column":24},"end":{"line":277,"column":64},"skip":true},"62":{"start":{"line":279,"column":24},"end":{"line":279,"column":40},"skip":true},"63":{"start":{"line":281,"column":24},"end":{"line":281,"column":40},"skip":true},"64":{"start":{"line":283,"column":24},"end":{"line":283,"column":39},"skip":true},"65":{"start":{"line":288,"column":8},"end":{"line":290,"column":9},"skip":true},"66":{"start":{"line":289,"column":12},"end":{"line":289,"column":18},"skip":true},"67":{"start":{"line":291,"column":8},"end":{"line":293,"column":54},"skip":true},"68":{"start":{"line":296,"column":8},"end":{"line":301,"column":37},"skip":true},"69":{"start":{"line":303,"column":8},"end":{"line":303,"column":82},"skip":true},"70":{"start":{"line":306,"column":8},"end":{"line":308,"column":9},"skip":true},"71":{"start":{"line":307,"column":12},"end":{"line":307,"column":82},"skip":true},"72":{"start":{"line":310,"column":8},"end":{"line":312,"column":9},"skip":true},"73":{"start":{"line":311,"column":12},"end":{"line":311,"column":18},"skip":true},"74":{"start":{"line":313,"column":8},"end":{"line":313,"column":54},"skip":true},"75":{"start":{"line":314,"column":8},"end":{"line":314,"column":69},"skip":true},"76":{"start":{"line":315,"column":8},"end":{"line":323,"column":36},"skip":true},"77":{"start":{"line":316,"column":12},"end":{"line":316,"column":61},"skip":true},"78":{"start":{"line":317,"column":12},"end":{"line":320,"column":13},"skip":true},"79":{"start":{"line":318,"column":16},"end":{"line":318,"column":75},"skip":true},"80":{"start":{"line":319,"column":16},"end":{"line":319,"column":23},"skip":true},"81":{"start":{"line":321,"column":12},"end":{"line":321,"column":38},"skip":true},"82":{"start":{"line":322,"column":12},"end":{"line":322,"column":27},"skip":true},"83":{"start":{"line":324,"column":8},"end":{"line":324,"column":14},"skip":true}},"branchMap":{"1":{"line":39,"type":"binary-expr","locations":[{"start":{"line":39,"column":23},"end":{"line":39,"column":62}},{"start":{"line":40,"column":20},"end":{"line":40,"column":70}},{"start":{"line":41,"column":20},"end":{"line":41,"column":71}},{"start":{"line":42,"column":20},"end":{"line":42,"column":29}}]},"2":{"line":44,"type":"binary-expr","locations":[{"start":{"line":44,"column":23},"end":{"line":44,"column":37}},{"start":{"line":45,"column":20},"end":{"line":45,"column":61}},{"start":{"line":46,"column":20},"end":{"line":46,"column":70}},{"start":{"line":47,"column":20},"end":{"line":47,"column":26}}]},"3":{"line":51,"type":"cond-expr","locations":[{"start":{"line":52,"column":14},"end":{"line":52,"column":20}},{"start":{"line":53,"column":14},"end":{"line":53,"column":20}}]},"4":{"line":55,"type":"binary-expr","locations":[{"start":{"line":55,"column":16},"end":{"line":55,"column":44}},{"start":{"line":55,"column":49},"end":{"line":57,"column":43}}]},"5":{"line":55,"type":"cond-expr","locations":[{"start":{"line":56,"column":14},"end":{"line":56,"column":52}},{"start":{"line":57,"column":14},"end":{"line":57,"column":43}}]},"6":{"line":61,"type":"switch","locations":[{"start":{"line":68,"column":4},"end":{"line":150,"column":14},"skip":true},{"start":{"line":156,"column":4},"end":{"line":324,"column":14},"skip":true}]},"7":{"line":70,"type":"if","locations":[{"start":{"line":70,"column":12},"end":{"line":70,"column":12},"skip":true},{"start":{"line":70,"column":12},"end":{"line":70,"column":12},"skip":true}]},"8":{"line":70,"type":"binary-expr","locations":[{"start":{"line":70,"column":16},"end":{"line":70,"column":22},"skip":true},{"start":{"line":70,"column":27},"end":{"line":70,"column":32},"skip":true},{"start":{"line":71,"column":20},"end":{"line":71,"column":39},"skip":true},{"start":{"line":72,"column":20},"end":{"line":72,"column":49},"skip":true},{"start":{"line":73,"column":20},"end":{"line":73,"column":58},"skip":true},{"start":{"line":74,"column":20},"end":{"line":74,"column":69},"skip":true}]},"9":{"line":79,"type":"switch","locations":[{"start":{"line":80,"column":20},"end":{"line":80,"column":33},"skip":true},{"start":{"line":81,"column":20},"end":{"line":83,"column":30},"skip":true},{"start":{"line":84,"column":20},"end":{"line":85,"column":49},"skip":true}]},"10":{"line":89,"type":"switch","locations":[{"start":{"line":90,"column":12},"end":{"line":103,"column":22},"skip":true},{"start":{"line":105,"column":12},"end":{"line":106,"column":22},"skip":true}]},"11":{"line":89,"type":"binary-expr","locations":[{"start":{"line":89,"column":20},"end":{"line":89,"column":25},"skip":true},{"start":{"line":89,"column":29},"end":{"line":89,"column":48},"skip":true},{"start":{"line":89,"column":52},"end":{"line":89,"column":74},"skip":true}]},"12":{"line":92,"type":"if","locations":[{"start":{"line":92,"column":16},"end":{"line":92,"column":16},"skip":true},{"start":{"line":92,"column":16},"end":{"line":92,"column":16},"skip":true}]},"13":{"line":108,"type":"if","locations":[{"start":{"line":108,"column":12},"end":{"line":108,"column":12},"skip":true},{"start":{"line":108,"column":12},"end":{"line":108,"column":12},"skip":true}]},"14":{"line":108,"type":"binary-expr","locations":[{"start":{"line":108,"column":16},"end":{"line":108,"column":61},"skip":true},{"start":{"line":108,"column":66},"end":{"line":108,"column":72},"skip":true},{"start":{"line":108,"column":77},"end":{"line":108,"column":82},"skip":true},{"start":{"line":109,"column":20},"end":{"line":109,"column":39},"skip":true},{"start":{"line":110,"column":20},"end":{"line":110,"column":49},"skip":true},{"start":{"line":111,"column":20},"end":{"line":111,"column":58},"skip":true},{"start":{"line":112,"column":20},"end":{"line":112,"column":68},"skip":true}]},"15":{"line":129,"type":"if","locations":[{"start":{"line":129,"column":16},"end":{"line":129,"column":16},"skip":true},{"start":{"line":129,"column":16},"end":{"line":129,"column":16},"skip":true}]},"16":{"line":134,"type":"cond-expr","locations":[{"start":{"line":135,"column":26},"end":{"line":135,"column":29},"skip":true},{"start":{"line":136,"column":26},"end":{"line":136,"column":54},"skip":true}]},"17":{"line":164,"type":"binary-expr","locations":[{"start":{"line":164,"column":27},"end":{"line":164,"column":43},"skip":true},{"start":{"line":164,"column":47},"end":{"line":164,"column":49},"skip":true}]},"18":{"line":258,"type":"if","locations":[{"start":{"line":258,"column":8},"end":{"line":258,"column":8},"skip":true},{"start":{"line":258,"column":8},"end":{"line":258,"column":8},"skip":true}]},"19":{"line":275,"type":"switch","locations":[{"start":{"line":276,"column":20},"end":{"line":277,"column":64},"skip":true},{"start":{"line":278,"column":20},"end":{"line":279,"column":40},"skip":true},{"start":{"line":280,"column":20},"end":{"line":281,"column":40},"skip":true},{"start":{"line":282,"column":20},"end":{"line":283,"column":39},"skip":true}]},"20":{"line":288,"type":"if","locations":[{"start":{"line":288,"column":8},"end":{"line":288,"column":8},"skip":true},{"start":{"line":288,"column":8},"end":{"line":288,"column":8},"skip":true}]},"21":{"line":288,"type":"binary-expr","locations":[{"start":{"line":288,"column":12},"end":{"line":288,"column":40},"skip":true},{"start":{"line":288,"column":44},"end":{"line":288,"column":67},"skip":true}]},"22":{"line":292,"type":"binary-expr","locations":[{"start":{"line":292,"column":12},"end":{"line":292,"column":50},"skip":true},{"start":{"line":293,"column":12},"end":{"line":293,"column":53},"skip":true}]},"23":{"line":297,"type":"binary-expr","locations":[{"start":{"line":297,"column":12},"end":{"line":297,"column":66},"skip":true},{"start":{"line":298,"column":12},"end":{"line":301,"column":36},"skip":true}]},"24":{"line":303,"type":"binary-expr","locations":[{"start":{"line":303,"column":43},"end":{"line":303,"column":75},"skip":true},{"start":{"line":303,"column":79},"end":{"line":303,"column":81},"skip":true}]},"25":{"line":306,"type":"if","locations":[{"start":{"line":306,"column":8},"end":{"line":306,"column":8},"skip":true},{"start":{"line":306,"column":8},"end":{"line":306,"column":8},"skip":true}]},"26":{"line":310,"type":"if","locations":[{"start":{"line":310,"column":8},"end":{"line":310,"column":8},"skip":true},{"start":{"line":310,"column":8},"end":{"line":310,"column":8},"skip":true}]},"27":{"line":313,"type":"binary-expr","locations":[{"start":{"line":313,"column":27},"end":{"line":313,"column":43},"skip":true},{"start":{"line":313,"column":47},"end":{"line":313,"column":53},"skip":true}]},"28":{"line":317,"type":"if","locations":[{"start":{"line":317,"column":12},"end":{"line":317,"column":12},"skip":true},{"start":{"line":317,"column":12},"end":{"line":317,"column":12},"skip":true}]}},"code":["/*","example.js","","quickstart example","","instruction","    1. save this script as example.js","    2. run the shell command:","        $ npm install npmtest-oracledb && PORT=8081 node example.js","    3. play with the browser-demo on http://127.0.0.1:8081","*/","","","","/* istanbul instrument in package npmtest_oracledb */","/*jslint","    bitwise: true,","    browser: true,","    maxerr: 8,","    maxlen: 96,","    node: true,","    nomen: true,","    regexp: true,","    stupid: true","*/","(function () {","    'use strict';","    var local;","","","","    // run shared js-env code - pre-init","    (function () {","        // init local","        local = {};","        // init modeJs","        local.modeJs = (function () {","            try {","                return typeof navigator.userAgent === 'string' &&","                    typeof document.querySelector('body') === 'object' &&","                    typeof XMLHttpRequest.prototype.open === 'function' &&","                    'browser';","            } catch (errorCaughtBrowser) {","                return module.exports &&","                    typeof process.versions.node === 'string' &&","                    typeof require('http').createServer === 'function' &&","                    'node';","            }","        }());","        // init global","        local.global = local.modeJs === 'browser'","            ? window","            : global;","        // init utility2_rollup","        local = local.global.utility2_rollup || (local.modeJs === 'browser'","            ? local.global.utility2_npmtest_oracledb","            : global.utility2_moduleExports);","        // export local","        local.global.local = local;","    }());","    switch (local.modeJs) {","","","","    // post-init","    // run browser js-env code - post-init","    /* istanbul ignore next */","    case 'browser':","        local.testRunBrowser = function (event) {","            if (!event || (event &&","                    event.currentTarget &&","                    event.currentTarget.className &&","                    event.currentTarget.className.includes &&","                    event.currentTarget.className.includes('onreset'))) {","                // reset output","                Array.from(","                    document.querySelectorAll('body > .resettable')","                ).forEach(function (element) {","                    switch (element.tagName) {","                    case 'INPUT':","                    case 'TEXTAREA':","                        element.value = '';","                        break;","                    default:","                        element.textContent = '';","                    }","                });","            }","            switch (event && event.currentTarget && event.currentTarget.id) {","            case 'testRunButton1':","                // show tests","                if (document.querySelector('#testReportDiv1').style.display === 'none') {","                    document.querySelector('#testReportDiv1').style.display = 'block';","                    document.querySelector('#testRunButton1').textContent =","                        'hide internal test';","                    local.modeTest = true;","                    local.testRunDefault(local);","                // hide tests","                } else {","                    document.querySelector('#testReportDiv1').style.display = 'none';","                    document.querySelector('#testRunButton1').textContent = 'run internal test';","                }","                break;","            // custom-case","            default:","                break;","            }","            if (document.querySelector('#inputTextareaEval1') && (!event || (event &&","                    event.currentTarget &&","                    event.currentTarget.className &&","                    event.currentTarget.className.includes &&","                    event.currentTarget.className.includes('oneval')))) {","                // try to eval input-code","                try {","                    /*jslint evil: true*/","                    eval(document.querySelector('#inputTextareaEval1').value);","                } catch (errorCaught) {","                    console.error(errorCaught);","                }","            }","        };","        // log stderr and stdout to #outputTextareaStdout1","        ['error', 'log'].forEach(function (key) {","            console[key + '_original'] = console[key];","            console[key] = function () {","                var element;","                console[key + '_original'].apply(console, arguments);","                element = document.querySelector('#outputTextareaStdout1');","                if (!element) {","                    return;","                }","                // append text to #outputTextareaStdout1","                element.value += Array.from(arguments).map(function (arg) {","                    return typeof arg === 'string'","                        ? arg","                        : JSON.stringify(arg, null, 4);","                }).join(' ') + '\\n';","                // scroll textarea to bottom","                element.scrollTop = element.scrollHeight;","            };","        });","        // init event-handling","        ['change', 'click', 'keyup'].forEach(function (event) {","            Array.from(document.querySelectorAll('.on' + event)).forEach(function (element) {","                element.addEventListener(event, local.testRunBrowser);","            });","        });","        // run tests","        local.testRunBrowser();","        break;","","","","    // run node js-env code - post-init","    /* istanbul ignore next */","    case 'node':","        // export local","        module.exports = local;","        // require modules","        local.fs = require('fs');","        local.http = require('http');","        local.url = require('url');","        // init assets","        local.assetsDict = local.assetsDict || {};","        /* jslint-ignore-begin */","        local.assetsDict['/assets.index.template.html'] = '\\","<!doctype html>\\n\\","<html lang=\"en\">\\n\\","<head>\\n\\","<meta charset=\"UTF-8\">\\n\\","<meta name=\"viewport\" content=\"width=device-width, initial-scale=1\">\\n\\","<title>{{env.npm_package_name}} (v{{env.npm_package_version}})</title>\\n\\","<style>\\n\\","/*csslint\\n\\","    box-sizing: false,\\n\\","    universal-selector: false\\n\\","*/\\n\\","* {\\n\\","    box-sizing: border-box;\\n\\","}\\n\\","body {\\n\\","    background: #dde;\\n\\","    font-family: Arial, Helvetica, sans-serif;\\n\\","    margin: 2rem;\\n\\","}\\n\\","body > * {\\n\\","    margin-bottom: 1rem;\\n\\","}\\n\\",".utility2FooterDiv {\\n\\","    margin-top: 20px;\\n\\","    text-align: center;\\n\\","}\\n\\","</style>\\n\\","<style>\\n\\","/*csslint\\n\\","*/\\n\\","textarea {\\n\\","    font-family: monospace;\\n\\","    height: 10rem;\\n\\","    width: 100%;\\n\\","}\\n\\","textarea[readonly] {\\n\\","    background: #ddd;\\n\\","}\\n\\","</style>\\n\\","</head>\\n\\","<body>\\n\\","<!-- utility2-comment\\n\\","<div id=\"ajaxProgressDiv1\" style=\"background: #d00; height: 2px; left: 0; margin: 0; padding: 0; position: fixed; top: 0; transition: background 0.5s, width 1.5s; width: 25%;\"></div>\\n\\","utility2-comment -->\\n\\","<h1>\\n\\","<!-- utility2-comment\\n\\","    <a\\n\\","        {{#if env.npm_package_homepage}}\\n\\","        href=\"{{env.npm_package_homepage}}\"\\n\\","        {{/if env.npm_package_homepage}}\\n\\","        target=\"_blank\"\\n\\","    >\\n\\","utility2-comment -->\\n\\","        {{env.npm_package_name}} (v{{env.npm_package_version}})\\n\\","<!-- utility2-comment\\n\\","    </a>\\n\\","utility2-comment -->\\n\\","</h1>\\n\\","<h3>{{env.npm_package_description}}</h3>\\n\\","<!-- utility2-comment\\n\\","<h4><a download href=\"assets.app.js\">download standalone app</a></h4>\\n\\","<button class=\"onclick onreset\" id=\"testRunButton1\">run internal test</button><br>\\n\\","<div id=\"testReportDiv1\" style=\"display: none;\"></div>\\n\\","utility2-comment -->\\n\\","\\n\\","\\n\\","\\n\\","<label>stderr and stdout</label>\\n\\","<textarea class=\"resettable\" id=\"outputTextareaStdout1\" readonly></textarea>\\n\\","<!-- utility2-comment\\n\\","{{#if isRollup}}\\n\\","<script src=\"assets.app.js\"></script>\\n\\","{{#unless isRollup}}\\n\\","utility2-comment -->\\n\\","<script src=\"assets.utility2.rollup.js\"></script>\\n\\","<script src=\"jsonp.utility2._stateInit?callback=window.utility2._stateInit\"></script>\\n\\","<script src=\"assets.npmtest_oracledb.rollup.js\"></script>\\n\\","<script src=\"assets.example.js\"></script>\\n\\","<script src=\"assets.test.js\"></script>\\n\\","<!-- utility2-comment\\n\\","{{/if isRollup}}\\n\\","utility2-comment -->\\n\\","<div class=\"utility2FooterDiv\">\\n\\","    [ this app was created with\\n\\","    <a href=\"https://github.com/kaizhu256/node-utility2\" target=\"_blank\">utility2</a>\\n\\","    ]\\n\\","</div>\\n\\","</body>\\n\\","</html>\\n\\","';","        /* jslint-ignore-end */","        if (local.templateRender) {","            local.assetsDict['/'] = local.templateRender(","                local.assetsDict['/assets.index.template.html'],","                {","                    env: local.objectSetDefault(local.env, {","                        npm_package_description: 'the greatest app in the world!',","                        npm_package_name: 'my-app',","                        npm_package_nameAlias: 'my_app',","                        npm_package_version: '0.0.1'","                    })","                }","            );","        } else {","            local.assetsDict['/'] = local.assetsDict['/assets.index.template.html']","                .replace((/\\{\\{env\\.(\\w+?)\\}\\}/g), function (match0, match1) {","                    // jslint-hack","                    String(match0);","                    switch (match1) {","                    case 'npm_package_description':","                        return 'the greatest app in the world!';","                    case 'npm_package_name':","                        return 'my-app';","                    case 'npm_package_nameAlias':","                        return 'my_app';","                    case 'npm_package_version':","                        return '0.0.1';","                    }","                });","        }","        // run the cli","        if (local.global.utility2_rollup || module !== require.main) {","            break;","        }","        local.assetsDict['/assets.example.js'] =","            local.assetsDict['/assets.example.js'] ||","            local.fs.readFileSync(__filename, 'utf8');","        // bug-workaround - long $npm_package_buildCustomOrg","        /* jslint-ignore-begin */","        local.assetsDict['/assets.npmtest_oracledb.rollup.js'] =","            local.assetsDict['/assets.npmtest_oracledb.rollup.js'] ||","            local.fs.readFileSync(","                local.npmtest_oracledb.__dirname + '/lib.npmtest_oracledb.js',","                'utf8'","            ).replace((/^#!/), '//');","        /* jslint-ignore-end */","        local.assetsDict['/favicon.ico'] = local.assetsDict['/favicon.ico'] || '';","        // if $npm_config_timeout_exit exists,","        // then exit this process after $npm_config_timeout_exit ms","        if (Number(process.env.npm_config_timeout_exit)) {","            setTimeout(process.exit, Number(process.env.npm_config_timeout_exit));","        }","        // start server","        if (local.global.utility2_serverHttp1) {","            break;","        }","        process.env.PORT = process.env.PORT || '8081';","        console.error('server starting on port ' + process.env.PORT);","        local.http.createServer(function (request, response) {","            request.urlParsed = local.url.parse(request.url);","            if (local.assetsDict[request.urlParsed.pathname] !== undefined) {","                response.end(local.assetsDict[request.urlParsed.pathname]);","                return;","            }","            response.statusCode = 404;","            response.end();","        }).listen(process.env.PORT);","        break;","    }","}());",""],"l":{"26":2,"28":2,"33":2,"35":2,"37":2,"38":2,"39":2,"44":1,"51":2,"55":2,"59":2,"61":2,"69":1,"70":2,"76":2,"79":2,"82":2,"83":2,"85":1,"89":2,"92":1,"93":1,"94":1,"96":1,"97":1,"100":1,"101":1,"103":1,"106":1,"108":2,"114":1,"116":1,"118":1,"123":1,"124":2,"125":2,"126":3,"127":3,"128":3,"129":3,"130":1,"133":3,"134":3,"139":3,"143":1,"144":3,"145":1,"149":1,"150":1,"158":1,"160":1,"161":1,"162":1,"164":1,"166":1,"258":1,"259":1,"271":1,"274":6,"275":6,"277":1,"279":2,"281":1,"283":2,"288":1,"289":1,"291":1,"296":1,"303":1,"306":1,"307":1,"310":1,"311":1,"313":1,"314":1,"315":1,"316":1,"317":1,"318":1,"319":1,"321":1,"322":1,"324":1}},"/home/travis/build/npmtest/node-npmtest-oracledb/node_modules/oracledb/index.js":{"path":"/home/travis/build/npmtest/node-npmtest-oracledb/node_modules/oracledb/index.js","s":{"1":2},"b":{},"f":{},"fnMap":{},"statementMap":{"1":{"start":{"line":1,"column":0},"end":{"line":1,"column":46}}},"branchMap":{},"code":["module.exports = require('./lib/oracledb.js');",""],"l":{"1":2}},"/home/travis/build/npmtest/node-npmtest-oracledb/node_modules/oracledb/lib/oracledb.js":{"path":"/home/travis/build/npmtest/node-npmtest-oracledb/node_modules/oracledb/lib/oracledb.js","s":{"1":4,"2":4,"3":4,"4":4,"5":4,"6":4,"7":4,"8":4,"9":4,"10":4,"11":4,"12":4,"13":4,"14":4,"15":0,"16":4,"17":4,"18":4,"19":0,"20":4,"21":0,"22":0,"23":1,"24":0,"25":0,"26":0,"27":0,"28":0,"29":0,"30":0,"31":0,"32":0,"33":0,"34":0,"35":0,"36":0,"37":0,"38":0,"39":0,"40":0,"41":0,"42":0,"43":0,"44":0,"45":0,"46":0,"47":0,"48":0,"49":0,"50":0,"51":0,"52":0,"53":0,"54":0,"55":0,"56":0,"57":1,"58":0,"59":0,"60":0,"61":0,"62":0,"63":0,"64":0,"65":0,"66":0,"67":1,"68":0,"69":0,"70":0,"71":0,"72":0,"73":0,"74":0,"75":0,"76":0,"77":0,"78":0,"79":0,"80":0,"81":0,"82":0,"83":0,"84":0,"85":0,"86":0,"87":0,"88":0,"89":0,"90":0,"91":0,"92":0,"93":0,"94":0,"95":0,"96":0,"97":0,"98":0,"99":0,"100":0,"101":0,"102":1,"103":0,"104":0,"105":0,"106":0},"b":{"1":[0,4],"2":[0,4],"3":[0,0],"4":[0,0],"5":[0,0],"6":[0,0],"7":[0,0,0],"8":[0,0],"9":[0,0],"10":[0,0],"11":[0,0],"12":[0,0],"13":[0,0],"14":[0,0],"15":[0,0],"16":[0,0],"17":[0,0],"18":[0,0],"19":[0,0],"20":[0,0],"21":[0,0],"22":[0,0],"23":[0,0],"24":[0,0],"25":[0,0],"26":[0,0]},"f":{"1":0,"2":0,"3":0,"4":0,"5":0,"6":0,"7":0,"8":0},"fnMap":{"1":{"name":"(anonymous_1)","line":52,"loc":{"start":{"line":52,"column":41},"end":{"line":52,"column":56}}},"2":{"name":"createPool","line":59,"loc":{"start":{"line":59,"column":0},"end":{"line":59,"column":45}}},"3":{"name":"(anonymous_3)","line":97,"loc":{"start":{"line":97,"column":30},"end":{"line":97,"column":54}}},"4":{"name":"(anonymous_4)","line":118,"loc":{"start":{"line":118,"column":32},"end":{"line":118,"column":43}}},"5":{"name":"getPool","line":134,"loc":{"start":{"line":134,"column":0},"end":{"line":134,"column":28}}},"6":{"name":"getConnection","line":157,"loc":{"start":{"line":157,"column":0},"end":{"line":157,"column":31}}},"7":{"name":"(anonymous_7)","line":207,"loc":{"start":{"line":207,"column":35},"end":{"line":207,"column":59}}},"8":{"name":"extend","line":225,"loc":{"start":{"line":225,"column":0},"end":{"line":225,"column":26}}}},"statementMap":{"1":{"start":{"line":22,"column":0},"end":{"line":22,"column":17}},"2":{"start":{"line":23,"column":0},"end":{"line":23,"column":17}},"3":{"start":{"line":24,"column":0},"end":{"line":24,"column":34}},"4":{"start":{"line":25,"column":0},"end":{"line":25,"column":32}},"5":{"start":{"line":26,"column":0},"end":{"line":26,"column":44}},"6":{"start":{"line":27,"column":0},"end":{"line":27,"column":36}},"7":{"start":{"line":28,"column":0},"end":{"line":28,"column":26}},"8":{"start":{"line":29,"column":0},"end":{"line":29,"column":29}},"9":{"start":{"line":30,"column":0},"end":{"line":30,"column":19}},"10":{"start":{"line":31,"column":0},"end":{"line":31,"column":29}},"11":{"start":{"line":32,"column":0},"end":{"line":32,"column":33}},"12":{"start":{"line":34,"column":0},"end":{"line":50,"column":1}},"13":{"start":{"line":35,"column":2},"end":{"line":35,"column":55}},"14":{"start":{"line":37,"column":2},"end":{"line":49,"column":3}},"15":{"start":{"line":38,"column":4},"end":{"line":38,"column":14}},"16":{"start":{"line":40,"column":4},"end":{"line":48,"column":5}},"17":{"start":{"line":41,"column":6},"end":{"line":41,"column":56}},"18":{"start":{"line":43,"column":6},"end":{"line":47,"column":7}},"19":{"start":{"line":44,"column":8},"end":{"line":44,"column":18}},"20":{"start":{"line":46,"column":8},"end":{"line":46,"column":61}},"21":{"start":{"line":52,"column":0},"end":{"line":54,"column":2}},"22":{"start":{"line":53,"column":2},"end":{"line":53,"column":43}},"23":{"start":{"line":59,"column":0},"end":{"line":128,"column":1}},"24":{"start":{"line":60,"column":2},"end":{"line":60,"column":18}},"25":{"start":{"line":61,"column":2},"end":{"line":61,"column":16}},"26":{"start":{"line":65,"column":2},"end":{"line":65,"column":53}},"27":{"start":{"line":66,"column":2},"end":{"line":66,"column":62}},"28":{"start":{"line":67,"column":2},"end":{"line":67,"column":68}},"29":{"start":{"line":71,"column":2},"end":{"line":83,"column":3}},"30":{"start":{"line":72,"column":4},"end":{"line":75,"column":5}},"31":{"start":{"line":73,"column":6},"end":{"line":73,"column":90}},"32":{"start":{"line":74,"column":6},"end":{"line":74,"column":13}},"33":{"start":{"line":77,"column":4},"end":{"line":77,"column":36}},"34":{"start":{"line":78,"column":9},"end":{"line":83,"column":3}},"35":{"start":{"line":82,"column":4},"end":{"line":82,"column":33}},"36":{"start":{"line":85,"column":2},"end":{"line":88,"column":3}},"37":{"start":{"line":86,"column":4},"end":{"line":86,"column":76}},"38":{"start":{"line":87,"column":4},"end":{"line":87,"column":11}},"39":{"start":{"line":93,"column":2},"end":{"line":95,"column":3}},"40":{"start":{"line":94,"column":4},"end":{"line":94,"column":42}},"41":{"start":{"line":97,"column":2},"end":{"line":127,"column":5}},"42":{"start":{"line":98,"column":4},"end":{"line":107,"column":5}},"43":{"start":{"line":100,"column":6},"end":{"line":102,"column":7}},"44":{"start":{"line":101,"column":8},"end":{"line":101,"column":46}},"45":{"start":{"line":104,"column":6},"end":{"line":104,"column":24}},"46":{"start":{"line":106,"column":6},"end":{"line":106,"column":13}},"47":{"start":{"line":109,"column":4},"end":{"line":114,"column":5}},"48":{"start":{"line":110,"column":6},"end":{"line":110,"column":38}},"49":{"start":{"line":113,"column":6},"end":{"line":113,"column":44}},"50":{"start":{"line":116,"column":4},"end":{"line":116,"column":54}},"51":{"start":{"line":118,"column":4},"end":{"line":124,"column":7}},"52":{"start":{"line":119,"column":6},"end":{"line":119,"column":22}},"53":{"start":{"line":121,"column":6},"end":{"line":123,"column":7}},"54":{"start":{"line":122,"column":8},"end":{"line":122,"column":41}},"55":{"start":{"line":126,"column":4},"end":{"line":126,"column":33}},"56":{"start":{"line":130,"column":0},"end":{"line":130,"column":55}},"57":{"start":{"line":134,"column":0},"end":{"line":152,"column":1}},"58":{"start":{"line":135,"column":2},"end":{"line":135,"column":11}},"59":{"start":{"line":137,"column":2},"end":{"line":137,"column":51}},"60":{"start":{"line":139,"column":2},"end":{"line":141,"column":3}},"61":{"start":{"line":140,"column":4},"end":{"line":140,"column":98}},"62":{"start":{"line":143,"column":2},"end":{"line":143,"column":44}},"63":{"start":{"line":145,"column":2},"end":{"line":145,"column":30}},"64":{"start":{"line":147,"column":2},"end":{"line":149,"column":3}},"65":{"start":{"line":148,"column":4},"end":{"line":148,"column":68}},"66":{"start":{"line":151,"column":2},"end":{"line":151,"column":14}},"67":{"start":{"line":157,"column":0},"end":{"line":218,"column":1}},"68":{"start":{"line":158,"column":2},"end":{"line":158,"column":18}},"69":{"start":{"line":159,"column":2},"end":{"line":159,"column":11}},"70":{"start":{"line":160,"column":2},"end":{"line":160,"column":16}},"71":{"start":{"line":161,"column":2},"end":{"line":161,"column":16}},"72":{"start":{"line":162,"column":2},"end":{"line":162,"column":22}},"73":{"start":{"line":164,"column":2},"end":{"line":164,"column":51}},"74":{"start":{"line":168,"column":2},"end":{"line":193,"column":3}},"75":{"start":{"line":170,"column":6},"end":{"line":170,"column":62}},"76":{"start":{"line":172,"column":6},"end":{"line":172,"column":35}},"77":{"start":{"line":173,"column":6},"end":{"line":173,"column":27}},"78":{"start":{"line":175,"column":6},"end":{"line":175,"column":12}},"79":{"start":{"line":177,"column":6},"end":{"line":177,"column":85}},"80":{"start":{"line":178,"column":6},"end":{"line":178,"column":62}},"81":{"start":{"line":180,"column":6},"end":{"line":188,"column":7}},"82":{"start":{"line":181,"column":8},"end":{"line":181,"column":23}},"83":{"start":{"line":182,"column":13},"end":{"line":188,"column":7}},"84":{"start":{"line":183,"column":8},"end":{"line":183,"column":23}},"85":{"start":{"line":185,"column":8},"end":{"line":187,"column":9}},"86":{"start":{"line":186,"column":10},"end":{"line":186,"column":42}},"87":{"start":{"line":190,"column":6},"end":{"line":190,"column":27}},"88":{"start":{"line":192,"column":6},"end":{"line":192,"column":12}},"89":{"start":{"line":197,"column":2},"end":{"line":217,"column":3}},"90":{"start":{"line":198,"column":4},"end":{"line":198,"column":32}},"91":{"start":{"line":200,"column":4},"end":{"line":203,"column":5}},"92":{"start":{"line":201,"column":6},"end":{"line":201,"column":81}},"93":{"start":{"line":202,"column":6},"end":{"line":202,"column":13}},"94":{"start":{"line":205,"column":4},"end":{"line":205,"column":40}},"95":{"start":{"line":207,"column":4},"end":{"line":216,"column":7}},"96":{"start":{"line":208,"column":6},"end":{"line":211,"column":7}},"97":{"start":{"line":209,"column":8},"end":{"line":209,"column":29}},"98":{"start":{"line":210,"column":8},"end":{"line":210,"column":15}},"99":{"start":{"line":213,"column":6},"end":{"line":213,"column":40}},"100":{"start":{"line":215,"column":6},"end":{"line":215,"column":38}},"101":{"start":{"line":220,"column":0},"end":{"line":220,"column":61}},"102":{"start":{"line":225,"column":0},"end":{"line":397,"column":1}},"103":{"start":{"line":229,"column":2},"end":{"line":396,"column":4}},"104":{"start":{"line":399,"column":0},"end":{"line":399,"column":43}},"105":{"start":{"line":401,"column":0},"end":{"line":401,"column":21}},"106":{"start":{"line":403,"column":0},"end":{"line":403,"column":30}}},"branchMap":{"1":{"line":37,"type":"if","locations":[{"start":{"line":37,"column":2},"end":{"line":37,"column":2}},{"start":{"line":37,"column":2},"end":{"line":37,"column":2}}]},"2":{"line":43,"type":"if","locations":[{"start":{"line":43,"column":6},"end":{"line":43,"column":6}},{"start":{"line":43,"column":6},"end":{"line":43,"column":6}}]},"3":{"line":71,"type":"if","locations":[{"start":{"line":71,"column":2},"end":{"line":71,"column":2}},{"start":{"line":71,"column":2},"end":{"line":71,"column":2}}]},"4":{"line":72,"type":"if","locations":[{"start":{"line":72,"column":4},"end":{"line":72,"column":4}},{"start":{"line":72,"column":4},"end":{"line":72,"column":4}}]},"5":{"line":72,"type":"binary-expr","locations":[{"start":{"line":72,"column":8},"end":{"line":72,"column":47}},{"start":{"line":72,"column":51},"end":{"line":72,"column":83}}]},"6":{"line":78,"type":"if","locations":[{"start":{"line":78,"column":9},"end":{"line":78,"column":9}},{"start":{"line":78,"column":9},"end":{"line":78,"column":9}}]},"7":{"line":78,"type":"binary-expr","locations":[{"start":{"line":78,"column":13},"end":{"line":78,"column":46}},{"start":{"line":79,"column":7},"end":{"line":79,"column":35}},{"start":{"line":80,"column":7},"end":{"line":80,"column":45}}]},"8":{"line":85,"type":"if","locations":[{"start":{"line":85,"column":2},"end":{"line":85,"column":2}},{"start":{"line":85,"column":2},"end":{"line":85,"column":2}}]},"9":{"line":85,"type":"binary-expr","locations":[{"start":{"line":85,"column":6},"end":{"line":85,"column":26}},{"start":{"line":85,"column":30},"end":{"line":85,"column":60}}]},"10":{"line":93,"type":"if","locations":[{"start":{"line":93,"column":2},"end":{"line":93,"column":2}},{"start":{"line":93,"column":2},"end":{"line":93,"column":2}}]},"11":{"line":98,"type":"if","locations":[{"start":{"line":98,"column":4},"end":{"line":98,"column":4}},{"start":{"line":98,"column":4},"end":{"line":98,"column":4}}]},"12":{"line":100,"type":"if","locations":[{"start":{"line":100,"column":6},"end":{"line":100,"column":6}},{"start":{"line":100,"column":6},"end":{"line":100,"column":6}}]},"13":{"line":109,"type":"if","locations":[{"start":{"line":109,"column":4},"end":{"line":109,"column":4}},{"start":{"line":109,"column":4},"end":{"line":109,"column":4}}]},"14":{"line":121,"type":"if","locations":[{"start":{"line":121,"column":6},"end":{"line":121,"column":6}},{"start":{"line":121,"column":6},"end":{"line":121,"column":6}}]},"15":{"line":139,"type":"if","locations":[{"start":{"line":139,"column":2},"end":{"line":139,"column":2}},{"start":{"line":139,"column":2},"end":{"line":139,"column":2}}]},"16":{"line":140,"type":"binary-expr","locations":[{"start":{"line":140,"column":20},"end":{"line":140,"column":49}},{"start":{"line":140,"column":53},"end":{"line":140,"column":82}}]},"17":{"line":143,"type":"binary-expr","locations":[{"start":{"line":143,"column":14},"end":{"line":143,"column":23}},{"start":{"line":143,"column":27},"end":{"line":143,"column":43}}]},"18":{"line":147,"type":"if","locations":[{"start":{"line":147,"column":2},"end":{"line":147,"column":2}},{"start":{"line":147,"column":2},"end":{"line":147,"column":2}}]},"19":{"line":168,"type":"switch","locations":[{"start":{"line":169,"column":4},"end":{"line":175,"column":12}},{"start":{"line":176,"column":4},"end":{"line":192,"column":12}}]},"20":{"line":177,"type":"binary-expr","locations":[{"start":{"line":177,"column":22},"end":{"line":177,"column":44}},{"start":{"line":177,"column":48},"end":{"line":177,"column":69}}]},"21":{"line":180,"type":"if","locations":[{"start":{"line":180,"column":6},"end":{"line":180,"column":6}},{"start":{"line":180,"column":6},"end":{"line":180,"column":6}}]},"22":{"line":182,"type":"if","locations":[{"start":{"line":182,"column":13},"end":{"line":182,"column":13}},{"start":{"line":182,"column":13},"end":{"line":182,"column":13}}]},"23":{"line":185,"type":"if","locations":[{"start":{"line":185,"column":8},"end":{"line":185,"column":8}},{"start":{"line":185,"column":8},"end":{"line":185,"column":8}}]},"24":{"line":197,"type":"if","locations":[{"start":{"line":197,"column":2},"end":{"line":197,"column":2}},{"start":{"line":197,"column":2},"end":{"line":197,"column":2}}]},"25":{"line":200,"type":"if","locations":[{"start":{"line":200,"column":4},"end":{"line":200,"column":4}},{"start":{"line":200,"column":4},"end":{"line":200,"column":4}}]},"26":{"line":208,"type":"if","locations":[{"start":{"line":208,"column":6},"end":{"line":208,"column":6}},{"start":{"line":208,"column":6},"end":{"line":208,"column":6}}]}},"code":["/* Copyright (c) 2015, 2016, Oracle and/or its affiliates. All rights reserved. */","","/******************************************************************************"," *"," * You may not use the identified files except in compliance with the Apache"," * License, Version 2.0 (the \"License.\")"," *"," * You may obtain a copy of the License at"," * http://www.apache.org/licenses/LICENSE-2.0."," *"," * Unless required by applicable law or agreed to in writing, software"," * distributed under the License is distributed on an \"AS IS\" BASIS, WITHOUT"," * WARRANTIES OR CONDITIONS OF ANY KIND, either express or implied."," *"," * See the License for the specific language governing permissions and"," * limitations under the License."," *"," *****************************************************************************/","","'use strict';","","var oracledbCLib;","var oracledbInst;","var Lob = require('./lob.js').Lob;","var pool = require('./pool.js');","var connection = require('./connection.js');","var nodbUtil = require('./util.js');","var createPoolPromisified;","var getConnectionPromisified;","var poolCache = {};","var tempUsedPoolAliases = {};","var defaultPoolAlias = 'default';","","try {","  oracledbCLib =  require('../build/Release/oracledb');","} catch (err) {","  if (err.code !== 'MODULE_NOT_FOUND') {","    throw err;","  } else {","    try {","      oracledbCLib = require('../build/Debug/oracledb');","    } catch (err) {","      if (err.code !== 'MODULE_NOT_FOUND') {","        throw err;","      } else {","        throw new Error(nodbUtil.getErrorMessage('NJS-045'));","      }","    }","  }","}","","oracledbCLib.Oracledb.prototype.newLob = function(iLob) {","  return new Lob(iLob, null, oracledbInst);","};","","// This createPool function is used the override the createPool method of the","// Oracledb class, which is defined in the C layer. The override allows us to do","// things like extend out the pool instance prior to passing it to the caller.","function createPool(poolAttrs, createPoolCb) {","  var self = this;","  var poolAlias;","","  // Initial argument count and type checks are done first and throw in the same","  // call stack.","  nodbUtil.assert(arguments.length === 2, 'NJS-009');","  nodbUtil.assert(nodbUtil.isObject(poolAttrs), 'NJS-006', 1);","  nodbUtil.assert(typeof createPoolCb === 'function', 'NJS-006', 2);","","  // Additional validations should pass errors via the callback. Need to ensure","  // that errors are raised prior to actually creating the pool via _createPool.","  if (poolAttrs.poolAlias !== undefined) {","    if (typeof poolAttrs.poolAlias !== 'string' || poolAttrs.poolAlias.length === 0) {","      createPoolCb(new Error(nodbUtil.getErrorMessage('NJS-004', 'poolAttrs.poolAlias')));","      return;","    }","","    poolAlias = poolAttrs.poolAlias;","  } else if (poolAttrs.poolAlias === undefined","    && !poolCache[defaultPoolAlias]","    && !tempUsedPoolAliases[defaultPoolAlias]","  ) {","    poolAlias = defaultPoolAlias;","  }","","  if (poolCache[poolAlias] || tempUsedPoolAliases[poolAlias]) {","    createPoolCb(new Error(nodbUtil.getErrorMessage('NJS-046', poolAlias)));","    return;","  }","","  // Need to prevent another call in the same stack from succeeding, otherwise","  // two pools could be created with the same poolAlias and the second one that","  // comes back would overwrite the first in the cache.","  if (poolAlias) {","    tempUsedPoolAliases[poolAlias] = true;","  }","","  self._createPool(poolAttrs, function(err, poolInst) {","    if (err) {","      // We need to free this up since the creation of the pool failed.","      if (poolAlias) {","        delete tempUsedPoolAliases[poolAlias];","      }","","      createPoolCb(err);","","      return;","    }","","    if (poolAlias) {","      poolCache[poolAlias] = poolInst;","","      // It's now safe to remove this alias from the tempUsedPoolAliases.","      delete tempUsedPoolAliases[poolAlias];","    }","","    pool.extend(poolInst, poolAttrs, poolAlias, self);","","    poolInst.on('_after_close', function() {","      var pool = this;","","      if (pool.poolAlias) {","        delete poolCache[pool.poolAlias];","      }","    });","","    createPoolCb(null, poolInst);","  });","}","","createPoolPromisified = nodbUtil.promisify(createPool);","","// The getPool function is a synchronous method used to retrieve pools from the","// pool cache.","function getPool(poolAlias) {","  var pool;","","  nodbUtil.assert(arguments.length < 2, 'NJS-009');","","  if (poolAlias) {","    nodbUtil.assert(typeof poolAlias === 'string' || typeof poolAlias === 'number', 'NJS-006', 1);","  }","","  poolAlias = poolAlias || defaultPoolAlias;","","  pool = poolCache[poolAlias];","","  if (!pool) {","    throw new Error(nodbUtil.getErrorMessage('NJS-047', poolAlias));","  }","","  return pool;","}","","// This getConnection function is used the override the getConnection method of the","// Oracledb class, which is defined in the C layer. The override allows us to do","// things like extend out the connection instance prior to passing it to the caller.","function getConnection(a1, a2) {","  var self = this;","  var pool;","  var poolAlias;","  var connAttrs;","  var getConnectionCb;","","  nodbUtil.assert(arguments.length < 3, 'NJS-009');","","  // Verify the number and types of arguments, then initialize the local poolAlias,","  // connAttrs, and getConnectionCb variables based on the arguments.","  switch (arguments.length) {","    case 1:","      nodbUtil.assert(typeof a1 === 'function', 'NJS-006', 1);","","      poolAlias = defaultPoolAlias;","      getConnectionCb = a1;","","      break;","    case 2:","      nodbUtil.assert(typeof a1 === 'string' || nodbUtil.isObject(a1), 'NJS-006', 1);","      nodbUtil.assert(typeof a2 === 'function', 'NJS-006', 2);","","      if (typeof a1 === 'string') {","        poolAlias = a1;","      } else if (nodbUtil.isObject(a1)) {","        connAttrs = a1;","","        if (connAttrs.poolAlias) {","          poolAlias = connAttrs.poolAlias;","        }","      }","","      getConnectionCb = a2;","","      break;","  }","","  // Proceed to execution based on values in local variables. Look for the poolAlias","  // first and only attempt to use connAttrs if the poolAlias isn't set.","  if (poolAlias) {","    pool = poolCache[poolAlias];","","    if (!pool) {","      getConnectionCb(new Error(nodbUtil.getErrorMessage('NJS-047', poolAlias)));","      return;","    }","","    pool.getConnection(getConnectionCb);","  } else {","    self._getConnection(connAttrs, function(err, connInst) {","      if (err) {","        getConnectionCb(err);","        return;","      }","","      connection.extend(connInst, self);","","      getConnectionCb(null, connInst);","    });","  }","}","","getConnectionPromisified = nodbUtil.promisify(getConnection);","","// The extend method is used to extend the Oracledb instance from the C layer with","// custom properties and method overrides. References to the original methods are","// maintained so they can be invoked by the overriding method at the right time.","function extend(oracledb) {","  // Using Object.defineProperties to add properties to the Oracledb instance with","  // special properties, such as enumerable but not writable. A number of constants","  // (uppercase names) are added for use in various method calls.","  Object.defineProperties(","    oracledb,","    {","      _oracledb: { // Known to be used in util.js' promisify function.","        value: oracledb","      },","      DEFAULT: {","        value: 0,","        enumerable: true","      },","      DB_TYPE_VARCHAR: {","        value: 1,","        enumerable: true","      },","      DB_TYPE_NUMBER: {","        value: 2,","        enumerable: true","      },","      DB_TYPE_DATE: {","        value: 12,","        enumerable: true","      },","      DB_TYPE_RAW: {","        value: 23,","        enumerable: true","      },","      DB_TYPE_CHAR: {","        value: 96,","        enumerable: true","      },","      DB_TYPE_BINARY_FLOAT: {","        value: 100,","        enumerable: true","      },","      DB_TYPE_BINARY_DOUBLE: {","        value: 101,","        enumerable: true","      },","      DB_TYPE_ROWID: {","        value: 104,","        enumerable: true","      },","      DB_TYPE_CLOB: {","        value: 112,","        enumerable: true","      },","      DB_TYPE_BLOB: {","        value: 113,","        enumerable: true","      },","      DB_TYPE_TIMESTAMP: {","        value: 187,","        enumerable: true","      },","      DB_TYPE_TIMESTAMP_TZ: {","        value: 188,","        enumerable: true","      },","      DB_TYPE_TIMESTAMP_LTZ: {","        value: 232,","        enumerable: true","      },","      STRING: {","        value: 2001,","        enumerable: true","      },","      NUMBER: {","        value: 2002,","        enumerable: true","      },","      DATE: {","        value: 2003,","        enumerable: true","      },","      CURSOR: {","        value: 2004,","        enumerable: true","      },","      BUFFER: {","        value: 2005,","        enumerable: true","      },","      CLOB: {","        value: 2006,","        enumerable: true","      },","      BLOB: {","        value: 2007,","        enumerable: true","      },","      BIND_IN: {","        value: 3001,","        enumerable: true","      },","      BIND_INOUT: {","        value: 3002,","        enumerable: true","      },","      BIND_OUT: {","        value: 3003,","        enumerable: true","      },","      ARRAY: {","        value: 4001,","        enumerable: true","      },","      OBJECT: {","        value: 4002,","        enumerable: true","      },","      Promise: {","        value: global.Promise,","        enumerable: true,","        writable: true","      },","      Oracledb: {","        value: oracledbCLib.Oracledb,","        enumerable: true","      },","      Connection: {","        value: oracledbCLib.Connection,","        enumerable: true","      },","      Lob: {","        value: Lob,","        enumerable: true","      },","      Pool: {","        value: oracledbCLib.Pool,","        enumerable: true","      },","      ResultSet: {","        value: oracledbCLib.ResultSet,","        enumerable: true","      },","      queueRequests: {","        value: true,","        enumerable: true,","        writable: true","      },","      queueTimeout: {","        value: 60000,","        enumerable: true,","        writable: true","      },","      _createPool: {","        value: oracledb.createPool","      },","      createPool: {","        value: createPoolPromisified,","        enumerable: true,","        writable: true","      },","      getPool: {","        value: getPool,","        enumerable: true,","        writable: true","      },","      _getConnection: {","        value: oracledb.getConnection","      },","      getConnection: {","        value: getConnectionPromisified,","        enumerable: true,","        writable: true","      }","    }","  );","}","","oracledbInst = new oracledbCLib.Oracledb();","","extend(oracledbInst);","","module.exports = oracledbInst;",""],"l":{"22":4,"23":4,"24":4,"25":4,"26":4,"27":4,"28":4,"29":4,"30":4,"31":4,"32":4,"34":4,"35":4,"37":4,"38":0,"40":4,"41":4,"43":4,"44":0,"46":4,"52":0,"53":0,"59":1,"60":0,"61":0,"65":0,"66":0,"67":0,"71":0,"72":0,"73":0,"74":0,"77":0,"78":0,"82":0,"85":0,"86":0,"87":0,"93":0,"94":0,"97":0,"98":0,"100":0,"101":0,"104":0,"106":0,"109":0,"110":0,"113":0,"116":0,"118":0,"119":0,"121":0,"122":0,"126":0,"130":0,"134":1,"135":0,"137":0,"139":0,"140":0,"143":0,"145":0,"147":0,"148":0,"151":0,"157":1,"158":0,"159":0,"160":0,"161":0,"162":0,"164":0,"168":0,"170":0,"172":0,"173":0,"175":0,"177":0,"178":0,"180":0,"181":0,"182":0,"183":0,"185":0,"186":0,"190":0,"192":0,"197":0,"198":0,"200":0,"201":0,"202":0,"205":0,"207":0,"208":0,"209":0,"210":0,"213":0,"215":0,"220":0,"225":1,"229":0,"399":0,"401":0,"403":0}},"/home/travis/build/npmtest/node-npmtest-oracledb/node_modules/oracledb/lib/lob.js":{"path":"/home/travis/build/npmtest/node-npmtest-oracledb/node_modules/oracledb/lib/lob.js","s":{"1":1,"2":1,"3":1,"4":1,"5":1,"6":1,"7":0,"8":0,"9":0,"10":0,"11":0,"12":0,"13":0,"14":0,"15":0,"16":1,"17":0,"18":0,"19":0,"20":0,"21":0,"22":0,"23":0,"24":0,"25":0,"26":0,"27":0,"28":0,"29":0,"30":0,"31":0,"32":1,"33":0,"34":0,"35":0,"36":0,"37":0,"38":0,"39":0,"40":1,"41":0,"42":0,"43":0,"44":0,"45":0,"46":0,"47":0,"48":1,"49":0,"50":0,"51":0,"52":0,"53":0,"54":0,"55":0,"56":0,"57":0,"58":0,"59":1,"60":1},"b":{"1":[0,0],"2":[0,0],"3":[0,0],"4":[0,0],"5":[0,0],"6":[0,0],"7":[0,0],"8":[0,0],"9":[0,0],"10":[0,0]},"f":{"1":0,"2":0,"3":0,"4":0,"5":0,"6":0,"7":0,"8":0,"9":0,"10":0,"11":0,"12":0,"13":0},"fnMap":{"1":{"name":"Lob","line":30,"loc":{"start":{"line":30,"column":0},"end":{"line":30,"column":34}}},"2":{"name":"(anonymous_2)","line":50,"loc":{"start":{"line":50,"column":13},"end":{"line":50,"column":24}}},"3":{"name":"(anonymous_3)","line":55,"loc":{"start":{"line":55,"column":13},"end":{"line":55,"column":24}}},"4":{"name":"(anonymous_4)","line":58,"loc":{"start":{"line":58,"column":13},"end":{"line":58,"column":36}}},"5":{"name":"(anonymous_5)","line":63,"loc":{"start":{"line":63,"column":13},"end":{"line":63,"column":24}}},"6":{"name":"(anonymous_6)","line":79,"loc":{"start":{"line":79,"column":22},"end":{"line":79,"column":33}}},"7":{"name":"(anonymous_7)","line":83,"loc":{"start":{"line":83,"column":4},"end":{"line":83,"column":23}}},"8":{"name":"(anonymous_8)","line":99,"loc":{"start":{"line":99,"column":27},"end":{"line":99,"column":38}}},"9":{"name":"(anonymous_9)","line":113,"loc":{"start":{"line":113,"column":23},"end":{"line":113,"column":52}}},"10":{"name":"(anonymous_10)","line":118,"loc":{"start":{"line":118,"column":4},"end":{"line":118,"column":18}}},"11":{"name":"(anonymous_11)","line":134,"loc":{"start":{"line":134,"column":27},"end":{"line":134,"column":38}}},"12":{"name":"(anonymous_12)","line":149,"loc":{"start":{"line":149,"column":22},"end":{"line":149,"column":40}}},"13":{"name":"(anonymous_13)","line":162,"loc":{"start":{"line":162,"column":18},"end":{"line":162,"column":32}}}},"statementMap":{"1":{"start":{"line":22,"column":0},"end":{"line":22,"column":38}},"2":{"start":{"line":23,"column":0},"end":{"line":23,"column":27}},"3":{"start":{"line":24,"column":0},"end":{"line":24,"column":36}},"4":{"start":{"line":25,"column":0},"end":{"line":25,"column":21}},"5":{"start":{"line":27,"column":0},"end":{"line":27,"column":27}},"6":{"start":{"line":30,"column":0},"end":{"line":77,"column":1}},"7":{"start":{"line":31,"column":2},"end":{"line":31,"column":25}},"8":{"start":{"line":33,"column":2},"end":{"line":33,"column":19}},"9":{"start":{"line":35,"column":2},"end":{"line":72,"column":7}},"10":{"start":{"line":51,"column":10},"end":{"line":51,"column":29}},"11":{"start":{"line":56,"column":10},"end":{"line":56,"column":32}},"12":{"start":{"line":59,"column":10},"end":{"line":59,"column":40}},"13":{"start":{"line":64,"column":10},"end":{"line":64,"column":27}},"14":{"start":{"line":74,"column":2},"end":{"line":76,"column":3}},"15":{"start":{"line":75,"column":4},"end":{"line":75,"column":41}},"16":{"start":{"line":79,"column":0},"end":{"line":111,"column":2}},"17":{"start":{"line":80,"column":2},"end":{"line":80,"column":18}},"18":{"start":{"line":82,"column":2},"end":{"line":110,"column":4}},"19":{"start":{"line":84,"column":6},"end":{"line":93,"column":7}},"20":{"start":{"line":85,"column":8}
[...]
    },","      _close: {","        value: resultSet.close","      },","      close: {","        value: closePromisified,","        enumerable: true,","        writable: true","      },","      _getRow: {","        value: resultSet.getRow","      },","      getRow: {","        value: getRowPromisified,","        enumerable: true,","        writable: true","      },","      _getRows: {","        value: resultSet.getRows","      },","      getRows: {","        value: getRowsPromisified,","        enumerable: true,","        writable: true","      },","      toQueryStream: {","        value: toQueryStream,","        enumerable: true,","        writable: true","      }","    }","  );","}","","module.exports.extend = extend;",""],"l":{"22":1,"23":1,"24":1,"25":1,"26":1,"29":1,"30":0,"32":0,"33":0,"35":0,"36":0,"37":0,"40":0,"42":0,"44":0,"48":1,"51":1,"52":0,"54":0,"55":0,"57":0,"58":0,"59":0,"62":0,"64":0,"67":1,"70":1,"71":0,"73":0,"74":0,"75":0,"77":0,"78":0,"79":0,"82":0,"84":0,"87":1,"89":1,"90":0,"91":0,"93":0,"95":0,"96":0,"99":0,"100":0,"103":0,"105":0,"107":0,"113":1,"116":0,"163":1}},"/home/travis/build/npmtest/node-npmtest-oracledb/node_modules/oracledb/lib/querystream.js":{"path":"/home/travis/build/npmtest/node-npmtest-oracledb/node_modules/oracledb/lib/querystream.js","s":{"1":1,"2":1,"3":1,"4":0,"5":0,"6":0,"7":0,"8":0,"9":0,"10":1,"11":1,"12":0,"13":0,"14":0,"15":0,"16":0,"17":0,"18":0,"19":1,"20":0,"21":0,"22":0,"23":0,"24":0,"25":0,"26":0,"27":0,"28":0,"29":0,"30":0,"31":0,"32":0,"33":0,"34":0,"35":0,"36":0,"37":0,"38":0,"39":0,"40":0,"41":0,"42":0,"43":0,"44":0,"45":0,"46":0,"47":0,"48":0,"49":0,"50":0,"51":0,"52":0,"53":0,"54":0,"55":0,"56":1,"57":0,"58":0,"59":0,"60":0,"61":0,"62":0,"63":0,"64":0,"65":0,"66":0,"67":0,"68":0,"69":0,"70":0,"71":0,"72":0,"73":0,"74":0,"75":1,"76":1},"b":{"1":[0,0],"2":[0,0],"3":[0,0],"4":[0,0],"5":[0,0],"6":[0,0],"7":[0,0],"8":[0,0],"9":[0,0],"10":[0,0],"11":[0,0],"12":[0,0],"13":[0,0],"14":[0,0],"15":[0,0],"16":[0,0],"17":[0,0],"18":[0,0],"19":[0,0]},"f":{"1":0,"2":0,"3":0,"4":0,"5":0,"6":0,"7":0,"8":0,"9":0,"10":0,"11":0},"fnMap":{"1":{"name":"QueryStream","line":26,"loc":{"start":{"line":26,"column":0},"end":{"line":26,"column":42}}},"2":{"name":"(anonymous_2)","line":76,"loc":{"start":{"line":76,"column":30},"end":{"line":76,"column":48}}},"3":{"name":"(anonymous_3)","line":94,"loc":{"start":{"line":94,"column":30},"end":{"line":94,"column":42}}},"4":{"name":"(anonymous_4)","line":100,"loc":{"start":{"line":100,"column":29},"end":{"line":100,"column":40}}},"5":{"name":"(anonymous_5)","line":114,"loc":{"start":{"line":114,"column":27},"end":{"line":114,"column":41}}},"6":{"name":"(anonymous_6)","line":131,"loc":{"start":{"line":131,"column":41},"end":{"line":131,"column":61}}},"7":{"name":"(anonymous_7)","line":135,"loc":{"start":{"line":135,"column":31},"end":{"line":135,"column":42}}},"8":{"name":"(anonymous_8)","line":162,"loc":{"start":{"line":162,"column":31},"end":{"line":162,"column":45}}},"9":{"name":"close","line":180,"loc":{"start":{"line":180,"column":0},"end":{"line":180,"column":25}}},"10":{"name":"(anonymous_10)","line":201,"loc":{"start":{"line":201,"column":31},"end":{"line":201,"column":42}}},"11":{"name":"(anonymous_11)","line":218,"loc":{"start":{"line":218,"column":27},"end":{"line":218,"column":41}}}},"statementMap":{"1":{"start":{"line":22,"column":0},"end":{"line":22,"column":27}},"2":{"start":{"line":23,"column":0},"end":{"line":23,"column":42}},"3":{"start":{"line":26,"column":0},"end":{"line":67,"column":1}},"4":{"start":{"line":27,"column":2},"end":{"line":27,"column":18}},"5":{"start":{"line":29,"column":2},"end":{"line":56,"column":4}},"6":{"start":{"line":58,"column":2},"end":{"line":60,"column":5}},"7":{"start":{"line":62,"column":2},"end":{"line":66,"column":3}},"8":{"start":{"line":63,"column":4},"end":{"line":63,"column":52}},"9":{"start":{"line":65,"column":4},"end":{"line":65,"column":22}},"10":{"start":{"line":69,"column":0},"end":{"line":69,"column":37}},"11":{"start":{"line":76,"column":0},"end":{"line":91,"column":2}},"12":{"start":{"line":77,"column":2},"end":{"line":77,"column":18}},"13":{"start":{"line":79,"column":2},"end":{"line":82,"column":3}},"14":{"start":{"line":80,"column":4},"end":{"line":80,"column":28}},"15":{"start":{"line":81,"column":4},"end":{"line":81,"column":11}},"16":{"start":{"line":84,"column":2},"end":{"line":84,"column":23}},"17":{"start":{"line":86,"column":2},"end":{"line":86,"column":50}},"18":{"start":{"line":90,"column":2},"end":{"line":90,"column":20}},"19":{"start":{"line":94,"column":0},"end":{"line":174,"column":2}},"20":{"start":{"line":95,"column":2},"end":{"line":95,"column":18}},"21":{"start":{"line":96,"column":2},"end":{"line":96,"column":17}},"22":{"start":{"line":98,"column":2},"end":{"line":103,"column":3}},"23":{"start":{"line":100,"column":4},"end":{"line":102,"column":7}},"24":{"start":{"line":101,"column":6},"end":{"line":101,"column":19}},"25":{"start":{"line":105,"column":2},"end":{"line":107,"column":3}},"26":{"start":{"line":106,"column":4},"end":{"line":106,"column":11}},"27":{"start":{"line":109,"column":2},"end":{"line":173,"column":3}},"28":{"start":{"line":111,"column":4},"end":{"line":111,"column":41}},"29":{"start":{"line":112,"column":9},"end":{"line":173,"column":3}},"30":{"start":{"line":114,"column":4},"end":{"line":122,"column":7}},"31":{"start":{"line":115,"column":6},"end":{"line":118,"column":7}},"32":{"start":{"line":116,"column":8},"end":{"line":116,"column":32}},"33":{"start":{"line":117,"column":8},"end":{"line":117,"column":15}},"34":{"start":{"line":121,"column":6},"end":{"line":121,"column":22}},"35":{"start":{"line":126,"column":4},"end":{"line":126,"column":26}},"36":{"start":{"line":128,"column":4},"end":{"line":128,"column":47}},"37":{"start":{"line":131,"column":4},"end":{"line":172,"column":7}},"38":{"start":{"line":132,"column":6},"end":{"line":140,"column":7}},"39":{"start":{"line":135,"column":8},"end":{"line":137,"column":11}},"40":{"start":{"line":136,"column":10},"end":{"line":136,"column":34}},"41":{"start":{"line":139,"column":8},"end":{"line":139,"column":15}},"42":{"start":{"line":142,"column":6},"end":{"line":142,"column":29}},"43":{"start":{"line":145,"column":6},"end":{"line":150,"column":7}},"44":{"start":{"line":148,"column":8},"end":{"line":148,"column":35}},"45":{"start":{"line":149,"column":8},"end":{"line":149,"column":15}},"46":{"start":{"line":152,"column":6},"end":{"line":152,"column":31}},"47":{"start":{"line":154,"column":6},"end":{"line":156,"column":7}},"48":{"start":{"line":155,"column":8},"end":{"line":155,"column":36}},"49":{"start":{"line":158,"column":6},"end":{"line":171,"column":7}},"50":{"start":{"line":159,"column":8},"end":{"line":159,"column":45}},"51":{"start":{"line":162,"column":8},"end":{"line":170,"column":11}},"52":{"start":{"line":163,"column":10},"end":{"line":166,"column":11}},"53":{"start":{"line":164,"column":12},"end":{"line":164,"column":36}},"54":{"start":{"line":165,"column":12},"end":{"line":165,"column":19}},"55":{"start":{"line":169,"column":10},"end":{"line":169,"column":26}},"56":{"start":{"line":180,"column":0},"end":{"line":227,"column":1}},"57":{"start":{"line":181,"column":2},"end":{"line":181,"column":18}},"58":{"start":{"line":185,"column":2},"end":{"line":185,"column":22}},"59":{"start":{"line":192,"column":2},"end":{"line":196,"column":3}},"60":{"start":{"line":193,"column":4},"end":{"line":193,"column":17}},"61":{"start":{"line":195,"column":4},"end":{"line":195,"column":17}},"62":{"start":{"line":200,"column":2},"end":{"line":206,"column":3}},"63":{"start":{"line":201,"column":4},"end":{"line":203,"column":7}},"64":{"start":{"line":202,"column":6},"end":{"line":202,"column":28}},"65":{"start":{"line":205,"column":4},"end":{"line":205,"column":11}},"66":{"start":{"line":208,"column":2},"end":{"line":210,"column":3}},"67":{"start":{"line":209,"column":4},"end":{"line":209,"column":33}},"68":{"start":{"line":214,"column":2},"end":{"line":226,"column":3}},"69":{"start":{"line":215,"column":4},"end":{"line":215,"column":23}},"70":{"start":{"line":218,"column":4},"end":{"line":225,"column":7}},"71":{"start":{"line":219,"column":6},"end":{"line":222,"column":7}},"72":{"start":{"line":220,"column":8},"end":{"line":220,"column":32}},"73":{"start":{"line":221,"column":8},"end":{"line":221,"column":15}},"74":{"start":{"line":224,"column":6},"end":{"line":224,"column":25}},"75":{"start":{"line":230,"column":0},"end":{"line":237,"column":2}},"76":{"start":{"line":239,"column":0},"end":{"line":239,"column":29}}},"branchMap":{"1":{"line":62,"type":"if","locations":[{"start":{"line":62,"column":2},"end":{"line":62,"column":2}},{"start":{"line":62,"column":2},"end":{"line":62,"column":2}}]},"2":{"line":79,"type":"if","locations":[{"start":{"line":79,"column":2},"end":{"line":79,"column":2}},{"start":{"line":79,"column":2},"end":{"line":79,"column":2}}]},"3":{"line":98,"type":"if","locations":[{"start":{"line":98,"column":2},"end":{"line":98,"column":2}},{"start":{"line":98,"column":2},"end":{"line":98,"column":2}}]},"4":{"line":105,"type":"if","locations":[{"start":{"line":105,"column":2},"end":{"line":105,"column":2}},{"start":{"line":105,"column":2},"end":{"line":105,"column":2}}]},"5":{"line":109,"type":"if","locations":[{"start":{"line":109,"column":2},"end":{"line":109,"column":2}},{"start":{"line":109,"column":2},"end":{"line":109,"column":2}}]},"6":{"line":112,"type":"if","locations":[{"start":{"line":112,"column":9},"end":{"line":112,"column":9}},{"start":{"line":112,"column":9},"end":{"line":112,"column":9}}]},"7":{"line":115,"type":"if","locations":[{"start":{"line":115,"column":6},"end":{"line":115,"column":6}},{"start":{"line":115,"column":6},"end":{"line":115,"column":6}}]},"8":{"line":128,"type":"binary-expr","locations":[{"start":{"line":128,"column":17},"end":{"line":128,"column":39}},{"start":{"line":128,"column":43},"end":{"line":128,"column":46}}]},"9":{"line":132,"type":"if","locations":[{"start":{"line":132,"column":6},"end":{"line":132,"column":6}},{"start":{"line":132,"column":6},"end":{"line":132,"column":6}}]},"10":{"line":145,"type":"if","locations":[{"start":{"line":145,"column":6},"end":{"line":145,"column":6}},{"start":{"line":145,"column":6},"end":{"line":145,"column":6}}]},"11":{"line":154,"type":"if","locations":[{"start":{"line":154,"column":6},"end":{"line":154,"column":6}},{"start":{"line":154,"column":6},"end":{"line":154,"column":6}}]},"12":{"line":158,"type":"if","locations":[{"start":{"line":158,"column":6},"end":{"line":158,"column":6}},{"start":{"line":158,"column":6},"end":{"line":158,"column":6}}]},"13":{"line":163,"type":"if","locations":[{"start":{"line":163,"column":10},"end":{"line":163,"column":10}},{"start":{"line":163,"column":10},"end":{"line":163,"column":10}}]},"14":{"line":192,"type":"if","locations":[{"start":{"line":192,"column":2},"end":{"line":192,"column":2}},{"start":{"line":192,"column":2},"end":{"line":192,"column":2}}]},"15":{"line":192,"type":"binary-expr","locations":[{"start":{"line":192,"column":6},"end":{"line":192,"column":41}},{"start":{"line":192,"column":45},"end":{"line":192,"column":61}}]},"16":{"line":200,"type":"if","locations":[{"start":{"line":200,"column":2},"end":{"line":200,"column":2}},{"start":{"line":200,"column":2},"end":{"line":200,"column":2}}]},"17":{"line":208,"type":"if","locations":[{"start":{"line":208,"column":2},"end":{"line":208,"column":2}},{"start":{"line":208,"column":2},"end":{"line":208,"column":2}}]},"18":{"line":214,"type":"if","locations":[{"start":{"line":214,"column":2},"end":{"line":214,"column":2}},{"start":{"line":214,"column":2},"end":{"line":214,"column":2}}]},"19":{"line":219,"type":"if","locations":[{"start":{"line":219,"column":6},"end":{"line":219,"column":6}},{"start":{"line":219,"column":6},"end":{"line":219,"column":6}}]}},"code":["/* Copyright (c) 2015, 2016, Oracle and/or its affiliates. All rights reserved. */","","/******************************************************************************"," *"," * You may not use the identified files except in compliance with the Apache"," * License, Version 2.0 (the \"License.\")"," *"," * You may obtain a copy of the License at"," * http://www.apache.org/licenses/LICENSE-2.0."," *"," * Unless required by applicable law or agreed to in writing, software"," * distributed under the License is distributed on an \"AS IS\" BASIS, WITHOUT"," * WARRANTIES OR CONDITIONS OF ANY KIND, either express or implied."," *"," * See the License for the specific language governing permissions and"," * limitations under the License."," *"," *****************************************************************************/","","'use strict';","","var util = require('util');","var Readable = require('stream').Readable;","","// This class was originally based on https://github.com/sagiegurari/simple-oracledb/blob/master/lib/resultset-read-stream.js","function QueryStream(resultSet, oracledb) {","  var self = this;","","  Object.defineProperties(","    self,","    {","      _oracledb: { // storing a reference to the base instance to avoid circular references with require","        value: oracledb","      },","      _resultSet: {","        value: resultSet,","        writable: true","      },","      _fetchedRows: { // a local cache of rows fetched from a call to resultSet.getRows","        value: [],","        writable: true","      },","      _fetchedAllRows: { // used to avoid an unnecessary call to resultSet.getRows","        value: false,","        writable: true","      },","      _fetching: { // used to serialize method calls on the resultset","        value: false,","        writable: true","      },","      _closed: { // used to track that the stream is closed","        value: false,","        writable: true","      }","    }","  );","","  Readable.call(self, {","    objectMode: true","  });","","  if (self._resultSet) { // If true, no need to invoke _open, we are ready to go.","    self.emit('metadata', self._resultSet.metaData);","","    self.emit('open');","  }","}","","util.inherits(QueryStream, Readable);","","// The _open method is only meant to be called when a QueryStream is created","// but not passed in the resultSet during initialization. In those cases the","// QueryStream object will have been returned immediately and the _open method","// will be called later to pass the resultset (or error getting the resultset)","// along.","QueryStream.prototype._open = function(err, rs) {","  var self = this;","","  if (err) {","    self.emit('error', err);","    return;","  }","","  self._resultSet = rs;","","  self.emit('metadata', self._resultSet.metaData);","","  // Trigger the event listener that may have been added in _read now that the","  // resultset is ready.","  self.emit('open');","};","","// The stream _read implementation which fetches the next row from the resultset.","QueryStream.prototype._read = function () {","  var self = this;","  var fetchCount;","","  if (!self._resultSet) {","    // Still waiting on the resultset, add an event listener to retry when ready","    return self.once('open', function() {","      self._read();","    });","  }","","  if (self._closed) {","    return;","  }","","  if (self._fetchedRows.length) {","    // We have rows already fetched that need to be pushed","    self.push(self._fetchedRows.shift());","  } else if (self._fetchedAllRows) {","    // Calling the C layer close directly to avoid assertions on the public method","    self._resultSet._close(function(err) {","      if (err) {","        self.emit('error', err);","        return;","      }","","      // Signal the end of the stream","      self.push(null);","    });","  } else {","    // Using _fetching to indicate that the resultset is working to avoid potential","    // errors related to close w/conncurrent operations on resultsets","    self._fetching = true;","","    fetchCount = self._oracledb.maxRows || 100;","","    // Calling the C layer getRows directly to avoid assertions on the public method","    self._resultSet._getRows(fetchCount, function(err, rows) {","      if (err) {","        // We'll return the error from getRows, but first try to close the resultSet.","        // Calling the C layer close directly to avoid assertions on the public method","        self._resultSet._close(function() {","          self.emit('error', err);","        });","","        return;","      }","","      self._fetching = false;","","      // Close may have been called while the resultset was fetching.","      if (self._closed) {","        // Trigger the event listener that may have been added in close now that","        // the resultset has finished working.","        self.emit('_doneFetching');","        return;","      }","","      self._fetchedRows = rows;","","      if (self._fetchedRows.length < fetchCount) {","        self._fetchedAllRows = true;","      }","","      if (self._fetchedRows.length) {","        self.push(self._fetchedRows.shift());","      } else { // No more rows to fetch","        // Calling the C layer close directly to avoid assertions on the public method","        self._resultSet._close(function(err) {","          if (err) {","            self.emit('error', err);","            return;","          }","","          // Signal the end of the stream","          self.push(null);","        });","      }","    });","  }","};","","// The close method is not a standard method on stream instances in Node.js but","// it was added to provide developers with a means of stopping the flow of data","// and closing the stream without having to allow the entire resultset to finish","// streaming.","function close(callback) {","  var self = this;","","  // Setting _closed early to prevent _read invocations from being processed and","  // to allow _doneFetching to be emitted if needed.","  self._closed = true;","","  // Node.js 0.10 didn't have an isPaused method that could be used to prevent","  // an unnecessary pause event from being emitted (added in 0.11.14). We'll","  // check for the existence of such a method and use it if possible, otherwise","  // we'll just call pause. This could be simplified a little when support for","  // Node.js 0.10 is dropped.","  if (typeof self.isPaused === 'function' && !self.isPaused()) {","    self.pause();","  } else {","    self.pause();","  }","","  // We can't close the resultset if it's currently fetching. Add a listener","  // to call close when the resulset is done fetching.","  if (self._fetching) {","    self.once('_doneFetching', function() {","      self._close(callback);","    });","","    return;","  }","","  if (callback) {","    self.once('close', callback);","  }","","  // It's possible for close to be called very early, even before the resultset","  // has been set via _open (if needed).","  if (!self._resultSet) {","    self.emit('close');","  } else {","    // Calling the C layer close directly to avoid assertions on the public method","    self._resultSet._close(function(err) {","      if (err) {","        self.emit('error', err);","        return;","      }","","      self.emit('close');","    });","  }","}","","// Exposing close as a private method for now.","Object.defineProperty(","  QueryStream.prototype,","  '_close',","  {","    value: close,","    writable: true","  }",");","","module.exports = QueryStream;",""],"l":{"22":1,"23":1,"26":1,"27":0,"29":0,"58":0,"62":0,"63":0,"65":0,"69":1,"76":1,"77":0,"79":0,"80":0,"81":0,"84":0,"86":0,"90":0,"94":1,"95":0,"96":0,"98":0,"100":0,"101":0,"105":0,"106":0,"109":0,"111":0,"112":0,"114":0,"115":0,"116":0,"117":0,"121":0,"126":0,"128":0,"131":0,"132":0,"135":0,"136":0,"139":0,"142":0,"145":0,"148":0,"149":0,"152":0,"154":0,"155":0,"158":0,"159":0,"162":0,"163":0,"164":0,"165":0,"169":0,"180":1,"181":0,"185":0,"192":0,"193":0,"195":0,"200":0,"201":0,"202":0,"205":0,"208":0,"209":0,"214":0,"215":0,"218":0,"219":0,"220":0,"221":0,"224":0,"230":1,"239":1}}}